::1 - - [24/Apr/2019:03:29:30 +0000] "GET / HTTP/1.1" 302 60 "-" "Mozilla/5.0 (Windows NT 10.0; Win64; x64) AppleWebKit/537.36 (KHTML, like Gecko) Chrome/73.0.3683.103 Safari/537.36"
::1 - - [24/Apr/2019:03:29:30 +0000] "GET /burgers HTTP/1.1" 500 1203 "-" "Mozilla/5.0 (Windows NT 10.0; Win64; x64) AppleWebKit/537.36 (KHTML, like Gecko) Chrome/73.0.3683.103 Safari/537.36"
::1 - - [24/Apr/2019:03:29:30 +0000] "GET /favicon.ico HTTP/1.1" 404 150 "http://localhost:3000/burgers" "Mozilla/5.0 (Windows NT 10.0; Win64; x64) AppleWebKit/537.36 (KHTML, like Gecko) Chrome/73.0.3683.103 Safari/537.36"
::1 - - [24/Apr/2019:03:32:04 +0000] "GET /burgers HTTP/1.1" 500 1203 "-" "Mozilla/5.0 (Windows NT 10.0; Win64; x64) AppleWebKit/537.36 (KHTML, like Gecko) Chrome/73.0.3683.103 Safari/537.36"
::1 - - [24/Apr/2019:03:32:08 +0000] "GET /burgers HTTP/1.1" 500 1203 "-" "Mozilla/5.0 (Windows NT 10.0; Win64; x64) AppleWebKit/537.36 (KHTML, like Gecko) Chrome/73.0.3683.103 Safari/537.36"
::1 - - [24/Apr/2019:03:32:19 +0000] "GET / HTTP/1.1" 302 60 "-" "Mozilla/5.0 (Windows NT 10.0; Win64; x64) AppleWebKit/537.36 (KHTML, like Gecko) Chrome/73.0.3683.103 Safari/537.36"
::1 - - [24/Apr/2019:03:32:19 +0000] "GET /burgers HTTP/1.1" 500 1203 "-" "Mozilla/5.0 (Windows NT 10.0; Win64; x64) AppleWebKit/537.36 (KHTML, like Gecko) Chrome/73.0.3683.103 Safari/537.36"
::1 - - [24/Apr/2019:03:32:27 +0000] "GET /burger HTTP/1.1" 404 145 "-" "Mozilla/5.0 (Windows NT 10.0; Win64; x64) AppleWebKit/537.36 (KHTML, like Gecko) Chrome/73.0.3683.103 Safari/537.36"
::1 - - [24/Apr/2019:03:32:34 +0000] "GET / HTTP/1.1" 302 60 "-" "Mozilla/5.0 (Windows NT 10.0; Win64; x64) AppleWebKit/537.36 (KHTML, like Gecko) Chrome/73.0.3683.103 Safari/537.36"
::1 - - [24/Apr/2019:03:32:34 +0000] "GET /burgers HTTP/1.1" 500 1203 "-" "Mozilla/5.0 (Windows NT 10.0; Win64; x64) AppleWebKit/537.36 (KHTML, like Gecko) Chrome/73.0.3683.103 Safari/537.36"
::1 - - [24/Apr/2019:03:35:12 +0000] "GET /burgers HTTP/1.1" 500 1203 "-" "Mozilla/5.0 (Windows NT 10.0; Win64; x64) AppleWebKit/537.36 (KHTML, like Gecko) Chrome/73.0.3683.103 Safari/537.36"
::1 - - [24/Apr/2019:03:35:14 +0000] "GET /burgers HTTP/1.1" 500 1203 "-" "Mozilla/5.0 (Windows NT 10.0; Win64; x64) AppleWebKit/537.36 (KHTML, like Gecko) Chrome/73.0.3683.103 Safari/537.36"
::1 - - [24/Apr/2019:03:35:15 +0000] "GET /burgers HTTP/1.1" 500 1203 "-" "Mozilla/5.0 (Windows NT 10.0; Win64; x64) AppleWebKit/537.36 (KHTML, like Gecko) Chrome/73.0.3683.103 Safari/537.36"
::1 - - [24/Apr/2019:03:35:21 +0000] "GET / HTTP/1.1" 302 60 "-" "Mozilla/5.0 (Windows NT 10.0; Win64; x64) AppleWebKit/537.36 (KHTML, like Gecko) Chrome/73.0.3683.103 Safari/537.36"
::1 - - [24/Apr/2019:03:35:21 +0000] "GET /burgers HTTP/1.1" 500 1203 "-" "Mozilla/5.0 (Windows NT 10.0; Win64; x64) AppleWebKit/537.36 (KHTML, like Gecko) Chrome/73.0.3683.103 Safari/537.36"
::1 - - [24/Apr/2019:03:41:41 +0000] "GET /burgers HTTP/1.1" 500 1203 "-" "Mozilla/5.0 (Windows NT 10.0; Win64; x64) AppleWebKit/537.36 (KHTML, like Gecko) Chrome/73.0.3683.103 Safari/537.36"
::1 - - [24/Apr/2019:03:41:43 +0000] "GET /burgers HTTP/1.1" 500 1203 "-" "Mozilla/5.0 (Windows NT 10.0; Win64; x64) AppleWebKit/537.36 (KHTML, like Gecko) Chrome/73.0.3683.103 Safari/537.36"
::1 - - [24/Apr/2019:03:42:00 +0000] "GET / HTTP/1.1" 302 60 "-" "Mozilla/5.0 (Windows NT 10.0; Win64; x64) AppleWebKit/537.36 (KHTML, like Gecko) Chrome/73.0.3683.103 Safari/537.36"
::1 - - [24/Apr/2019:03:42:00 +0000] "GET /burgers HTTP/1.1" 500 1203 "-" "Mozilla/5.0 (Windows NT 10.0; Win64; x64) AppleWebKit/537.36 (KHTML, like Gecko) Chrome/73.0.3683.103 Safari/537.36"
::1 - - [24/Apr/2019:03:51:04 +0000] "GET /burgers HTTP/1.1" 500 1232 "-" "Mozilla/5.0 (Windows NT 10.0; Win64; x64) AppleWebKit/537.36 (KHTML, like Gecko) Chrome/73.0.3683.103 Safari/537.36"
::1 - - [24/Apr/2019:03:52:31 +0000] "GET /burgers HTTP/1.1" 500 1234 "-" "Mozilla/5.0 (Windows NT 10.0; Win64; x64) AppleWebKit/537.36 (KHTML, like Gecko) Chrome/73.0.3683.103 Safari/537.36"
::1 - - [24/Apr/2019:03:53:29 +0000] "GET /burgers HTTP/1.1" 500 1232 "-" "Mozilla/5.0 (Windows NT 10.0; Win64; x64) AppleWebKit/537.36 (KHTML, like Gecko) Chrome/73.0.3683.103 Safari/537.36"
::1 - - [24/Apr/2019:03:53:32 +0000] "GET /burgers HTTP/1.1" 500 1232 "-" "Mozilla/5.0 (Windows NT 10.0; Win64; x64) AppleWebKit/537.36 (KHTML, like Gecko) Chrome/73.0.3683.103 Safari/537.36"
::1 - - [24/Apr/2019:03:55:08 +0000] "GET /burgers HTTP/1.1" 500 1232 "-" "Mozilla/5.0 (Windows NT 10.0; Win64; x64) AppleWebKit/537.36 (KHTML, like Gecko) Chrome/73.0.3683.103 Safari/537.36"
::1 - - [24/Apr/2019:03:55:11 +0000] "GET /burgers HTTP/1.1" 500 1232 "-" "Mozilla/5.0 (Windows NT 10.0; Win64; x64) AppleWebKit/537.36 (KHTML, like Gecko) Chrome/73.0.3683.103 Safari/537.36"
::1 - - [24/Apr/2019:03:55:12 +0000] "GET /burgers HTTP/1.1" 500 1232 "-" "Mozilla/5.0 (Windows NT 10.0; Win64; x64) AppleWebKit/537.36 (KHTML, like Gecko) Chrome/73.0.3683.103 Safari/537.36"
::1 - - [24/Apr/2019:03:55:12 +0000] "GET /burgers HTTP/1.1" 500 1232 "-" "Mozilla/5.0 (Windows NT 10.0; Win64; x64) AppleWebKit/537.36 (KHTML, like Gecko) Chrome/73.0.3683.103 Safari/537.36"
::1 - - [24/Apr/2019:03:55:17 +0000] "GET / HTTP/1.1" 500 1232 "-" "Mozilla/5.0 (Windows NT 10.0; Win64; x64) AppleWebKit/537.36 (KHTML, like Gecko) Chrome/73.0.3683.103 Safari/537.36"
::1 - - [24/Apr/2019:04:01:02 +0000] "GET / HTTP/1.1" 302 60 "-" "Mozilla/5.0 (Windows NT 10.0; Win64; x64) AppleWebKit/537.36 (KHTML, like Gecko) Chrome/73.0.3683.103 Safari/537.36"
::1 - - [24/Apr/2019:04:01:03 +0000] "GET /burgers HTTP/1.1" 500 1203 "-" "Mozilla/5.0 (Windows NT 10.0; Win64; x64) AppleWebKit/537.36 (KHTML, like Gecko) Chrome/73.0.3683.103 Safari/537.36"
::1 - - [24/Apr/2019:04:02:42 +0000] "GET /burgers HTTP/1.1" 200 3851 "-" "Mozilla/5.0 (Windows NT 10.0; Win64; x64) AppleWebKit/537.36 (KHTML, like Gecko) Chrome/73.0.3683.103 Safari/537.36"
::1 - - [24/Apr/2019:04:02:42 +0000] "GET /assets/css/burger_style.css HTTP/1.1" 404 166 "http://localhost:3000/burgers" "Mozilla/5.0 (Windows NT 10.0; Win64; x64) AppleWebKit/537.36 (KHTML, like Gecko) Chrome/73.0.3683.103 Safari/537.36"
::1 - - [24/Apr/2019:04:02:42 +0000] "GET /static/assets/img/cuteBurger.jpg HTTP/1.1" 404 171 "http://localhost:3000/burgers" "Mozilla/5.0 (Windows NT 10.0; Win64; x64) AppleWebKit/537.36 (KHTML, like Gecko) Chrome/73.0.3683.103 Safari/537.36"
::1 - - [24/Apr/2019:04:26:49 +0000] "PUT /burgers/update?_method=PUT HTTP/1.1" 302 46 "http://localhost:3000/burgers" "Mozilla/5.0 (Windows NT 10.0; Win64; x64) AppleWebKit/537.36 (KHTML, like Gecko) Chrome/73.0.3683.103 Safari/537.36"
::1 - - [24/Apr/2019:04:26:49 +0000] "GET / HTTP/1.1" 302 60 "http://localhost:3000/burgers" "Mozilla/5.0 (Windows NT 10.0; Win64; x64) AppleWebKit/537.36 (KHTML, like Gecko) Chrome/73.0.3683.103 Safari/537.36"
::1 - - [24/Apr/2019:04:26:50 +0000] "GET /burgers HTTP/1.1" 200 3522 "http://localhost:3000/burgers" "Mozilla/5.0 (Windows NT 10.0; Win64; x64) AppleWebKit/537.36 (KHTML, like Gecko) Chrome/73.0.3683.103 Safari/537.36"
::1 - - [24/Apr/2019:04:26:50 +0000] "GET /assets/css/burger_style.css HTTP/1.1" 404 166 "http://localhost:3000/burgers" "Mozilla/5.0 (Windows NT 10.0; Win64; x64) AppleWebKit/537.36 (KHTML, like Gecko) Chrome/73.0.3683.103 Safari/537.36"
::1 - - [24/Apr/2019:04:26:50 +0000] "GET /static/assets/img/cuteBurger.jpg HTTP/1.1" 404 171 "http://localhost:3000/burgers" "Mozilla/5.0 (Windows NT 10.0; Win64; x64) AppleWebKit/537.36 (KHTML, like Gecko) Chrome/73.0.3683.103 Safari/537.36"
::1 - - [24/Apr/2019:04:26:55 +0000] "PUT /burgers/update?_method=PUT HTTP/1.1" 302 46 "http://localhost:3000/burgers" "Mozilla/5.0 (Windows NT 10.0; Win64; x64) AppleWebKit/537.36 (KHTML, like Gecko) Chrome/73.0.3683.103 Safari/537.36"
::1 - - [24/Apr/2019:04:26:55 +0000] "GET / HTTP/1.1" 302 60 "http://localhost:3000/burgers" "Mozilla/5.0 (Windows NT 10.0; Win64; x64) AppleWebKit/537.36 (KHTML, like Gecko) Chrome/73.0.3683.103 Safari/537.36"
::1 - - [24/Apr/2019:04:26:55 +0000] "GET /burgers HTTP/1.1" 200 3193 "http://localhost:3000/burgers" "Mozilla/5.0 (Windows NT 10.0; Win64; x64) AppleWebKit/537.36 (KHTML, like Gecko) Chrome/73.0.3683.103 Safari/537.36"
::1 - - [24/Apr/2019:04:26:55 +0000] "GET /assets/css/burger_style.css HTTP/1.1" 404 166 "http://localhost:3000/burgers" "Mozilla/5.0 (Windows NT 10.0; Win64; x64) AppleWebKit/537.36 (KHTML, like Gecko) Chrome/73.0.3683.103 Safari/537.36"
::1 - - [24/Apr/2019:04:26:55 +0000] "GET /static/assets/img/cuteBurger.jpg HTTP/1.1" 404 171 "http://localhost:3000/burgers" "Mozilla/5.0 (Windows NT 10.0; Win64; x64) AppleWebKit/537.36 (KHTML, like Gecko) Chrome/73.0.3683.103 Safari/537.36"
::1 - - [24/Apr/2019:04:27:10 +0000] "POST /burgers/create HTTP/1.1" 302 46 "http://localhost:3000/burgers" "Mozilla/5.0 (Windows NT 10.0; Win64; x64) AppleWebKit/537.36 (KHTML, like Gecko) Chrome/73.0.3683.103 Safari/537.36"
::1 - - [24/Apr/2019:04:27:10 +0000] "GET / HTTP/1.1" 302 60 "http://localhost:3000/burgers" "Mozilla/5.0 (Windows NT 10.0; Win64; x64) AppleWebKit/537.36 (KHTML, like Gecko) Chrome/73.0.3683.103 Safari/537.36"
::1 - - [24/Apr/2019:04:27:10 +0000] "GET /burgers HTTP/1.1" 200 3609 "http://localhost:3000/burgers" "Mozilla/5.0 (Windows NT 10.0; Win64; x64) AppleWebKit/537.36 (KHTML, like Gecko) Chrome/73.0.3683.103 Safari/537.36"
::1 - - [24/Apr/2019:04:27:11 +0000] "GET /assets/css/burger_style.css HTTP/1.1" 404 166 "http://localhost:3000/burgers" "Mozilla/5.0 (Windows NT 10.0; Win64; x64) AppleWebKit/537.36 (KHTML, like Gecko) Chrome/73.0.3683.103 Safari/537.36"
::1 - - [24/Apr/2019:04:27:11 +0000] "GET /static/assets/img/cuteBurger.jpg HTTP/1.1" 404 171 "http://localhost:3000/burgers" "Mozilla/5.0 (Windows NT 10.0; Win64; x64) AppleWebKit/537.36 (KHTML, like Gecko) Chrome/73.0.3683.103 Safari/537.36"
::1 - - [24/Apr/2019:04:28:34 +0000] "GET /burgers HTTP/1.1" 200 3612 "http://localhost:3000/burgers" "Mozilla/5.0 (Windows NT 10.0; Win64; x64) AppleWebKit/537.36 (KHTML, like Gecko) Chrome/73.0.3683.103 Safari/537.36"
::1 - - [24/Apr/2019:04:28:34 +0000] "GET /assets/css/burger_style.css HTTP/1.1" 404 166 "http://localhost:3000/burgers" "Mozilla/5.0 (Windows NT 10.0; Win64; x64) AppleWebKit/537.36 (KHTML, like Gecko) Chrome/73.0.3683.103 Safari/537.36"
::1 - - [24/Apr/2019:04:28:34 +0000] "GET /static/assets/img/cuteBurger.jpg HTTP/1.1" 404 171 "http://localhost:3000/burgers" "Mozilla/5.0 (Windows NT 10.0; Win64; x64) AppleWebKit/537.36 (KHTML, like Gecko) Chrome/73.0.3683.103 Safari/537.36"
::1 - - [24/Apr/2019:04:29:00 +0000] "GET /burgers HTTP/1.1" 200 3608 "http://localhost:3000/burgers" "Mozilla/5.0 (Windows NT 10.0; Win64; x64) AppleWebKit/537.36 (KHTML, like Gecko) Chrome/73.0.3683.103 Safari/537.36"
::1 - - [24/Apr/2019:04:29:00 +0000] "GET /assets/css/burger_style.css HTTP/1.1" 404 166 "http://localhost:3000/burgers" "Mozilla/5.0 (Windows NT 10.0; Win64; x64) AppleWebKit/537.36 (KHTML, like Gecko) Chrome/73.0.3683.103 Safari/537.36"
::1 - - [24/Apr/2019:04:29:45 +0000] "GET /burgers HTTP/1.1" 304 - "http://localhost:3000/burgers" "Mozilla/5.0 (Windows NT 10.0; Win64; x64) AppleWebKit/537.36 (KHTML, like Gecko) Chrome/73.0.3683.103 Safari/537.36"
::1 - - [24/Apr/2019:04:29:46 +0000] "GET /assets/css/burger_style.css HTTP/1.1" 404 166 "http://localhost:3000/burgers" "Mozilla/5.0 (Windows NT 10.0; Win64; x64) AppleWebKit/537.36 (KHTML, like Gecko) Chrome/73.0.3683.103 Safari/537.36"
::1 - - [24/Apr/2019:04:29:49 +0000] "GET /burgers HTTP/1.1" 304 - "http://localhost:3000/burgers" "Mozilla/5.0 (Windows NT 10.0; Win64; x64) AppleWebKit/537.36 (KHTML, like Gecko) Chrome/73.0.3683.103 Safari/537.36"
::1 - - [24/Apr/2019:04:29:49 +0000] "GET /assets/css/burger_style.css HTTP/1.1" 404 166 "http://localhost:3000/burgers" "Mozilla/5.0 (Windows NT 10.0; Win64; x64) AppleWebKit/537.36 (KHTML, like Gecko) Chrome/73.0.3683.103 Safari/537.36"
::1 - - [24/Apr/2019:04:29:49 +0000] "GET /burgers HTTP/1.1" 304 - "http://localhost:3000/burgers" "Mozilla/5.0 (Windows NT 10.0; Win64; x64) AppleWebKit/537.36 (KHTML, like Gecko) Chrome/73.0.3683.103 Safari/537.36"
::1 - - [24/Apr/2019:04:29:49 +0000] "GET /assets/css/burger_style.css HTTP/1.1" 404 166 "http://localhost:3000/burgers" "Mozilla/5.0 (Windows NT 10.0; Win64; x64) AppleWebKit/537.36 (KHTML, like Gecko) Chrome/73.0.3683.103 Safari/537.36"
::1 - - [24/Apr/2019:04:30:05 +0000] "GET /burgers HTTP/1.1" 304 - "http://localhost:3000/burgers" "Mozilla/5.0 (Windows NT 10.0; Win64; x64) AppleWebKit/537.36 (KHTML, like Gecko) Chrome/73.0.3683.103 Safari/537.36"
::1 - - [24/Apr/2019:04:30:05 +0000] "GET /assets/css/burger_style.css HTTP/1.1" 404 166 "http://localhost:3000/burgers" "Mozilla/5.0 (Windows NT 10.0; Win64; x64) AppleWebKit/537.36 (KHTML, like Gecko) Chrome/73.0.3683.103 Safari/537.36"
::1 - - [24/Apr/2019:04:30:10 +0000] "GET /burgers HTTP/1.1" 304 - "http://localhost:3000/burgers" "Mozilla/5.0 (Windows NT 10.0; Win64; x64) AppleWebKit/537.36 (KHTML, like Gecko) Chrome/73.0.3683.103 Safari/537.36"
::1 - - [24/Apr/2019:04:30:10 +0000] "GET /assets/css/burger_style.css HTTP/1.1" 404 166 "http://localhost:3000/burgers" "Mozilla/5.0 (Windows NT 10.0; Win64; x64) AppleWebKit/537.36 (KHTML, like Gecko) Chrome/73.0.3683.103 Safari/537.36"
::1 - - [24/Apr/2019:04:30:11 +0000] "GET /burgers HTTP/1.1" 304 - "http://localhost:3000/burgers" "Mozilla/5.0 (Windows NT 10.0; Win64; x64) AppleWebKit/537.36 (KHTML, like Gecko) Chrome/73.0.3683.103 Safari/537.36"
::1 - - [24/Apr/2019:04:30:11 +0000] "GET /assets/css/burger_style.css HTTP/1.1" 404 166 "http://localhost:3000/burgers" "Mozilla/5.0 (Windows NT 10.0; Win64; x64) AppleWebKit/537.36 (KHTML, like Gecko) Chrome/73.0.3683.103 Safari/537.36"
::1 - - [24/Apr/2019:04:30:11 +0000] "GET /burgers HTTP/1.1" 304 - "http://localhost:3000/burgers" "Mozilla/5.0 (Windows NT 10.0; Win64; x64) AppleWebKit/537.36 (KHTML, like Gecko) Chrome/73.0.3683.103 Safari/537.36"
::1 - - [24/Apr/2019:04:30:11 +0000] "GET /assets/css/burger_style.css HTTP/1.1" 404 166 "http://localhost:3000/burgers" "Mozilla/5.0 (Windows NT 10.0; Win64; x64) AppleWebKit/537.36 (KHTML, like Gecko) Chrome/73.0.3683.103 Safari/537.36"
::1 - - [24/Apr/2019:04:30:12 +0000] "GET /burgers HTTP/1.1" 304 - "http://localhost:3000/burgers" "Mozilla/5.0 (Windows NT 10.0; Win64; x64) AppleWebKit/537.36 (KHTML, like Gecko) Chrome/73.0.3683.103 Safari/537.36"
::1 - - [24/Apr/2019:04:30:12 +0000] "GET /assets/css/burger_style.css HTTP/1.1" 404 166 "http://localhost:3000/burgers" "Mozilla/5.0 (Windows NT 10.0; Win64; x64) AppleWebKit/537.36 (KHTML, like Gecko) Chrome/73.0.3683.103 Safari/537.36"
::1 - - [24/Apr/2019:04:30:12 +0000] "GET /burgers HTTP/1.1" 304 - "http://localhost:3000/burgers" "Mozilla/5.0 (Windows NT 10.0; Win64; x64) AppleWebKit/537.36 (KHTML, like Gecko) Chrome/73.0.3683.103 Safari/537.36"
::1 - - [24/Apr/2019:04:30:12 +0000] "GET /assets/css/burger_style.css HTTP/1.1" 404 166 "http://localhost:3000/burgers" "Mozilla/5.0 (Windows NT 10.0; Win64; x64) AppleWebKit/537.36 (KHTML, like Gecko) Chrome/73.0.3683.103 Safari/537.36"
::1 - - [24/Apr/2019:04:30:12 +0000] "GET /burgers HTTP/1.1" 304 - "http://localhost:3000/burgers" "Mozilla/5.0 (Windows NT 10.0; Win64; x64) AppleWebKit/537.36 (KHTML, like Gecko) Chrome/73.0.3683.103 Safari/537.36"
::1 - - [24/Apr/2019:04:30:12 +0000] "GET /assets/css/burger_style.css HTTP/1.1" 404 166 "http://localhost:3000/burgers" "Mozilla/5.0 (Windows NT 10.0; Win64; x64) AppleWebKit/537.36 (KHTML, like Gecko) Chrome/73.0.3683.103 Safari/537.36"
::1 - - [24/Apr/2019:04:30:12 +0000] "GET /burgers HTTP/1.1" 304 - "http://localhost:3000/burgers" "Mozilla/5.0 (Windows NT 10.0; Win64; x64) AppleWebKit/537.36 (KHTML, like Gecko) Chrome/73.0.3683.103 Safari/537.36"
::1 - - [24/Apr/2019:04:30:12 +0000] "GET /assets/css/burger_style.css HTTP/1.1" 404 166 "http://localhost:3000/burgers" "Mozilla/5.0 (Windows NT 10.0; Win64; x64) AppleWebKit/537.36 (KHTML, like Gecko) Chrome/73.0.3683.103 Safari/537.36"
::1 - - [24/Apr/2019:04:30:13 +0000] "GET /burgers HTTP/1.1" 304 - "http://localhost:3000/burgers" "Mozilla/5.0 (Windows NT 10.0; Win64; x64) AppleWebKit/537.36 (KHTML, like Gecko) Chrome/73.0.3683.103 Safari/537.36"
::1 - - [24/Apr/2019:04:30:13 +0000] "GET /assets/css/burger_style.css HTTP/1.1" 404 166 "http://localhost:3000/burgers" "Mozilla/5.0 (Windows NT 10.0; Win64; x64) AppleWebKit/537.36 (KHTML, like Gecko) Chrome/73.0.3683.103 Safari/537.36"
::1 - - [24/Apr/2019:04:30:13 +0000] "GET /burgers HTTP/1.1" 304 - "http://localhost:3000/burgers" "Mozilla/5.0 (Windows NT 10.0; Win64; x64) AppleWebKit/537.36 (KHTML, like Gecko) Chrome/73.0.3683.103 Safari/537.36"
::1 - - [24/Apr/2019:04:30:13 +0000] "GET /assets/css/burger_style.css HTTP/1.1" 404 166 "http://localhost:3000/burgers" "Mozilla/5.0 (Windows NT 10.0; Win64; x64) AppleWebKit/537.36 (KHTML, like Gecko) Chrome/73.0.3683.103 Safari/537.36"
::1 - - [24/Apr/2019:04:30:13 +0000] "GET /burgers HTTP/1.1" 304 - "http://localhost:3000/burgers" "Mozilla/5.0 (Windows NT 10.0; Win64; x64) AppleWebKit/537.36 (KHTML, like Gecko) Chrome/73.0.3683.103 Safari/537.36"
::1 - - [24/Apr/2019:04:30:13 +0000] "GET /assets/css/burger_style.css HTTP/1.1" 404 166 "http://localhost:3000/burgers" "Mozilla/5.0 (Windows NT 10.0; Win64; x64) AppleWebKit/537.36 (KHTML, like Gecko) Chrome/73.0.3683.103 Safari/537.36"
::1 - - [24/Apr/2019:04:30:13 +0000] "GET /burgers HTTP/1.1" 304 - "http://localhost:3000/burgers" "Mozilla/5.0 (Windows NT 10.0; Win64; x64) AppleWebKit/537.36 (KHTML, like Gecko) Chrome/73.0.3683.103 Safari/537.36"
::1 - - [24/Apr/2019:04:30:13 +0000] "GET /assets/css/burger_style.css HTTP/1.1" 404 166 "http://localhost:3000/burgers" "Mozilla/5.0 (Windows NT 10.0; Win64; x64) AppleWebKit/537.36 (KHTML, like Gecko) Chrome/73.0.3683.103 Safari/537.36"
::1 - - [24/Apr/2019:04:30:19 +0000] "GET /burgers HTTP/1.1" 304 - "http://localhost:3000/burgers" "Mozilla/5.0 (Windows NT 10.0; Win64; x64) AppleWebKit/537.36 (KHTML, like Gecko) Chrome/73.0.3683.103 Safari/537.36"
::1 - - [24/Apr/2019:04:30:19 +0000] "GET /assets/css/burger_style.css HTTP/1.1" 404 166 "http://localhost:3000/burgers" "Mozilla/5.0 (Windows NT 10.0; Win64; x64) AppleWebKit/537.36 (KHTML, like Gecko) Chrome/73.0.3683.103 Safari/537.36"
::1 - - [24/Apr/2019:04:30:49 +0000] "GET /burgers HTTP/1.1" 304 - "http://localhost:3000/burgers" "Mozilla/5.0 (Windows NT 10.0; Win64; x64) AppleWebKit/537.36 (KHTML, like Gecko) Chrome/73.0.3683.103 Safari/537.36"
::1 - - [24/Apr/2019:04:30:49 +0000] "GET /assets/css/burger_style.css HTTP/1.1" 404 166 "http://localhost:3000/burgers" "Mozilla/5.0 (Windows NT 10.0; Win64; x64) AppleWebKit/537.36 (KHTML, like Gecko) Chrome/73.0.3683.103 Safari/537.36"
::1 - - [24/Apr/2019:04:30:51 +0000] "GET /burgers HTTP/1.1" 304 - "http://localhost:3000/burgers" "Mozilla/5.0 (Windows NT 10.0; Win64; x64) AppleWebKit/537.36 (KHTML, like Gecko) Chrome/73.0.3683.103 Safari/537.36"
::1 - - [24/Apr/2019:04:30:51 +0000] "GET /assets/css/burger_style.css HTTP/1.1" 404 166 "http://localhost:3000/burgers" "Mozilla/5.0 (Windows NT 10.0; Win64; x64) AppleWebKit/537.36 (KHTML, like Gecko) Chrome/73.0.3683.103 Safari/537.36"
::1 - - [24/Apr/2019:04:31:18 +0000] "GET /burgers HTTP/1.1" 304 - "http://localhost:3000/burgers" "Mozilla/5.0 (Windows NT 10.0; Win64; x64) AppleWebKit/537.36 (KHTML, like Gecko) Chrome/73.0.3683.103 Safari/537.36"
::1 - - [24/Apr/2019:04:31:18 +0000] "GET /assets/css/burger_style.css HTTP/1.1" 404 166 "http://localhost:3000/burgers" "Mozilla/5.0 (Windows NT 10.0; Win64; x64) AppleWebKit/537.36 (KHTML, like Gecko) Chrome/73.0.3683.103 Safari/537.36"
::1 - - [24/Apr/2019:04:31:19 +0000] "GET /burgers HTTP/1.1" 304 - "http://localhost:3000/burgers" "Mozilla/5.0 (Windows NT 10.0; Win64; x64) AppleWebKit/537.36 (KHTML, like Gecko) Chrome/73.0.3683.103 Safari/537.36"
::1 - - [24/Apr/2019:04:31:19 +0000] "GET /assets/css/burger_style.css HTTP/1.1" 404 166 "http://localhost:3000/burgers" "Mozilla/5.0 (Windows NT 10.0; Win64; x64) AppleWebKit/537.36 (KHTML, like Gecko) Chrome/73.0.3683.103 Safari/537.36"
::1 - - [24/Apr/2019:04:31:40 +0000] "GET /burgers HTTP/1.1" 304 - "http://localhost:3000/burgers" "Mozilla/5.0 (Windows NT 10.0; Win64; x64) AppleWebKit/537.36 (KHTML, like Gecko) Chrome/73.0.3683.103 Safari/537.36"
::1 - - [24/Apr/2019:04:31:40 +0000] "GET /assets/css/burger_style.css HTTP/1.1" 404 166 "http://localhost:3000/burgers" "Mozilla/5.0 (Windows NT 10.0; Win64; x64) AppleWebKit/537.36 (KHTML, like Gecko) Chrome/73.0.3683.103 Safari/537.36"
::1 - - [24/Apr/2019:04:31:41 +0000] "GET /burgers HTTP/1.1" 304 - "http://localhost:3000/burgers" "Mozilla/5.0 (Windows NT 10.0; Win64; x64) AppleWebKit/537.36 (KHTML, like Gecko) Chrome/73.0.3683.103 Safari/537.36"
::1 - - [24/Apr/2019:04:31:41 +0000] "GET /assets/css/burger_style.css HTTP/1.1" 404 166 "http://localhost:3000/burgers" "Mozilla/5.0 (Windows NT 10.0; Win64; x64) AppleWebKit/537.36 (KHTML, like Gecko) Chrome/73.0.3683.103 Safari/537.36"
::1 - - [24/Apr/2019:04:31:42 +0000] "GET /burgers HTTP/1.1" 304 - "http://localhost:3000/burgers" "Mozilla/5.0 (Windows NT 10.0; Win64; x64) AppleWebKit/537.36 (KHTML, like Gecko) Chrome/73.0.3683.103 Safari/537.36"
::1 - - [24/Apr/2019:04:31:42 +0000] "GET /assets/css/burger_style.css HTTP/1.1" 404 166 "http://localhost:3000/burgers" "Mozilla/5.0 (Windows NT 10.0; Win64; x64) AppleWebKit/537.36 (KHTML, like Gecko) Chrome/73.0.3683.103 Safari/537.36"
::1 - - [24/Apr/2019:04:31:42 +0000] "GET /burgers HTTP/1.1" 304 - "http://localhost:3000/burgers" "Mozilla/5.0 (Windows NT 10.0; Win64; x64) AppleWebKit/537.36 (KHTML, like Gecko) Chrome/73.0.3683.103 Safari/537.36"
::1 - - [24/Apr/2019:04:31:42 +0000] "GET /assets/css/burger_style.css HTTP/1.1" 404 166 "http://localhost:3000/burgers" "Mozilla/5.0 (Windows NT 10.0; Win64; x64) AppleWebKit/537.36 (KHTML, like Gecko) Chrome/73.0.3683.103 Safari/537.36"
::1 - - [24/Apr/2019:04:34:33 +0000] "GET /burgers HTTP/1.1" 304 - "http://localhost:3000/burgers" "Mozilla/5.0 (Windows NT 10.0; Win64; x64) AppleWebKit/537.36 (KHTML, like Gecko) Chrome/73.0.3683.103 Safari/537.36"
::1 - - [24/Apr/2019:04:34:33 +0000] "GET /assets/css/burger_style.css HTTP/1.1" 404 166 "http://localhost:3000/burgers" "Mozilla/5.0 (Windows NT 10.0; Win64; x64) AppleWebKit/537.36 (KHTML, like Gecko) Chrome/73.0.3683.103 Safari/537.36"
::1 - - [24/Apr/2019:04:34:34 +0000] "GET /burgers HTTP/1.1" 304 - "http://localhost:3000/burgers" "Mozilla/5.0 (Windows NT 10.0; Win64; x64) AppleWebKit/537.36 (KHTML, like Gecko) Chrome/73.0.3683.103 Safari/537.36"
::1 - - [24/Apr/2019:04:34:34 +0000] "GET /assets/css/burger_style.css HTTP/1.1" 404 166 "http://localhost:3000/burgers" "Mozilla/5.0 (Windows NT 10.0; Win64; x64) AppleWebKit/537.36 (KHTML, like Gecko) Chrome/73.0.3683.103 Safari/537.36"
::1 - - [24/Apr/2019:04:34:35 +0000] "GET /burgers HTTP/1.1" 304 - "http://localhost:3000/burgers" "Mozilla/5.0 (Windows NT 10.0; Win64; x64) AppleWebKit/537.36 (KHTML, like Gecko) Chrome/73.0.3683.103 Safari/537.36"
::1 - - [24/Apr/2019:04:34:35 +0000] "GET /assets/css/burger_style.css HTTP/1.1" 404 166 "http://localhost:3000/burgers" "Mozilla/5.0 (Windows NT 10.0; Win64; x64) AppleWebKit/537.36 (KHTML, like Gecko) Chrome/73.0.3683.103 Safari/537.36"
::1 - - [24/Apr/2019:04:34:35 +0000] "GET /burgers HTTP/1.1" 304 - "http://localhost:3000/burgers" "Mozilla/5.0 (Windows NT 10.0; Win64; x64) AppleWebKit/537.36 (KHTML, like Gecko) Chrome/73.0.3683.103 Safari/537.36"
::1 - - [24/Apr/2019:04:34:35 +0000] "GET /assets/css/burger_style.css HTTP/1.1" 404 166 "http://localhost:3000/burgers" "Mozilla/5.0 (Windows NT 10.0; Win64; x64) AppleWebKit/537.36 (KHTML, like Gecko) Chrome/73.0.3683.103 Safari/537.36"
::1 - - [24/Apr/2019:04:34:35 +0000] "GET /burgers HTTP/1.1" 304 - "http://localhost:3000/burgers" "Mozilla/5.0 (Windows NT 10.0; Win64; x64) AppleWebKit/537.36 (KHTML, like Gecko) Chrome/73.0.3683.103 Safari/537.36"
::1 - - [24/Apr/2019:04:34:35 +0000] "GET /assets/css/burger_style.css HTTP/1.1" 404 166 "http://localhost:3000/burgers" "Mozilla/5.0 (Windows NT 10.0; Win64; x64) AppleWebKit/537.36 (KHTML, like Gecko) Chrome/73.0.3683.103 Safari/537.36"
::1 - - [24/Apr/2019:04:34:36 +0000] "GET /burgers HTTP/1.1" 304 - "http://localhost:3000/burgers" "Mozilla/5.0 (Windows NT 10.0; Win64; x64) AppleWebKit/537.36 (KHTML, like Gecko) Chrome/73.0.3683.103 Safari/537.36"
::1 - - [24/Apr/2019:04:34:36 +0000] "GET /assets/css/burger_style.css HTTP/1.1" 404 166 "http://localhost:3000/burgers" "Mozilla/5.0 (Windows NT 10.0; Win64; x64) AppleWebKit/537.36 (KHTML, like Gecko) Chrome/73.0.3683.103 Safari/537.36"
::1 - - [24/Apr/2019:04:34:36 +0000] "GET /burgers HTTP/1.1" 304 - "http://localhost:3000/burgers" "Mozilla/5.0 (Windows NT 10.0; Win64; x64) AppleWebKit/537.36 (KHTML, like Gecko) Chrome/73.0.3683.103 Safari/537.36"
::1 - - [24/Apr/2019:04:34:36 +0000] "GET /assets/css/burger_style.css HTTP/1.1" 404 166 "http://localhost:3000/burgers" "Mozilla/5.0 (Windows NT 10.0; Win64; x64) AppleWebKit/537.36 (KHTML, like Gecko) Chrome/73.0.3683.103 Safari/537.36"
::1 - - [24/Apr/2019:04:34:36 +0000] "GET /burgers HTTP/1.1" 304 - "http://localhost:3000/burgers" "Mozilla/5.0 (Windows NT 10.0; Win64; x64) AppleWebKit/537.36 (KHTML, like Gecko) Chrome/73.0.3683.103 Safari/537.36"
::1 - - [24/Apr/2019:04:34:36 +0000] "GET /assets/css/burger_style.css HTTP/1.1" 404 166 "http://localhost:3000/burgers" "Mozilla/5.0 (Windows NT 10.0; Win64; x64) AppleWebKit/537.36 (KHTML, like Gecko) Chrome/73.0.3683.103 Safari/537.36"
::1 - - [24/Apr/2019:04:34:36 +0000] "GET /burgers HTTP/1.1" 304 - "http://localhost:3000/burgers" "Mozilla/5.0 (Windows NT 10.0; Win64; x64) AppleWebKit/537.36 (KHTML, like Gecko) Chrome/73.0.3683.103 Safari/537.36"
::1 - - [24/Apr/2019:04:34:36 +0000] "GET /assets/css/burger_style.css HTTP/1.1" 404 166 "http://localhost:3000/burgers" "Mozilla/5.0 (Windows NT 10.0; Win64; x64) AppleWebKit/537.36 (KHTML, like Gecko) Chrome/73.0.3683.103 Safari/537.36"
::1 - - [24/Apr/2019:04:34:36 +0000] "GET /burgers HTTP/1.1" 304 - "http://localhost:3000/burgers" "Mozilla/5.0 (Windows NT 10.0; Win64; x64) AppleWebKit/537.36 (KHTML, like Gecko) Chrome/73.0.3683.103 Safari/537.36"
::1 - - [24/Apr/2019:04:34:36 +0000] "GET /assets/css/burger_style.css HTTP/1.1" 404 166 "http://localhost:3000/burgers" "Mozilla/5.0 (Windows NT 10.0; Win64; x64) AppleWebKit/537.36 (KHTML, like Gecko) Chrome/73.0.3683.103 Safari/537.36"
::1 - - [24/Apr/2019:04:34:37 +0000] "GET /burgers HTTP/1.1" 304 - "http://localhost:3000/burgers" "Mozilla/5.0 (Windows NT 10.0; Win64; x64) AppleWebKit/537.36 (KHTML, like Gecko) Chrome/73.0.3683.103 Safari/537.36"
::1 - - [24/Apr/2019:04:34:37 +0000] "GET /assets/css/burger_style.css HTTP/1.1" 404 166 "http://localhost:3000/burgers" "Mozilla/5.0 (Windows NT 10.0; Win64; x64) AppleWebKit/537.36 (KHTML, like Gecko) Chrome/73.0.3683.103 Safari/537.36"
::1 - - [24/Apr/2019:04:34:37 +0000] "GET /burgers HTTP/1.1" 304 - "http://localhost:3000/burgers" "Mozilla/5.0 (Windows NT 10.0; Win64; x64) AppleWebKit/537.36 (KHTML, like Gecko) Chrome/73.0.3683.103 Safari/537.36"
::1 - - [24/Apr/2019:04:34:37 +0000] "GET /assets/css/burger_style.css HTTP/1.1" 404 166 "http://localhost:3000/burgers" "Mozilla/5.0 (Windows NT 10.0; Win64; x64) AppleWebKit/537.36 (KHTML, like Gecko) Chrome/73.0.3683.103 Safari/537.36"
::1 - - [24/Apr/2019:04:34:37 +0000] "GET /burgers HTTP/1.1" 304 - "http://localhost:3000/burgers" "Mozilla/5.0 (Windows NT 10.0; Win64; x64) AppleWebKit/537.36 (KHTML, like Gecko) Chrome/73.0.3683.103 Safari/537.36"
::1 - - [24/Apr/2019:04:34:37 +0000] "GET /assets/css/burger_style.css HTTP/1.1" 404 166 "http://localhost:3000/burgers" "Mozilla/5.0 (Windows NT 10.0; Win64; x64) AppleWebKit/537.36 (KHTML, like Gecko) Chrome/73.0.3683.103 Safari/537.36"
::1 - - [24/Apr/2019:04:34:37 +0000] "GET /burgers HTTP/1.1" 304 - "http://localhost:3000/burgers" "Mozilla/5.0 (Windows NT 10.0; Win64; x64) AppleWebKit/537.36 (KHTML, like Gecko) Chrome/73.0.3683.103 Safari/537.36"
::1 - - [24/Apr/2019:04:34:37 +0000] "GET /assets/css/burger_style.css HTTP/1.1" 404 166 "http://localhost:3000/burgers" "Mozilla/5.0 (Windows NT 10.0; Win64; x64) AppleWebKit/537.36 (KHTML, like Gecko) Chrome/73.0.3683.103 Safari/537.36"
::1 - - [24/Apr/2019:04:34:38 +0000] "GET /burgers HTTP/1.1" 304 - "http://localhost:3000/burgers" "Mozilla/5.0 (Windows NT 10.0; Win64; x64) AppleWebKit/537.36 (KHTML, like Gecko) Chrome/73.0.3683.103 Safari/537.36"
::1 - - [24/Apr/2019:04:34:38 +0000] "GET /assets/css/burger_style.css HTTP/1.1" 404 166 "http://localhost:3000/burgers" "Mozilla/5.0 (Windows NT 10.0; Win64; x64) AppleWebKit/537.36 (KHTML, like Gecko) Chrome/73.0.3683.103 Safari/537.36"
::1 - - [24/Apr/2019:04:34:38 +0000] "GET /burgers HTTP/1.1" 304 - "http://localhost:3000/burgers" "Mozilla/5.0 (Windows NT 10.0; Win64; x64) AppleWebKit/537.36 (KHTML, like Gecko) Chrome/73.0.3683.103 Safari/537.36"
::1 - - [24/Apr/2019:04:34:38 +0000] "GET /assets/css/burger_style.css HTTP/1.1" 404 166 "http://localhost:3000/burgers" "Mozilla/5.0 (Windows NT 10.0; Win64; x64) AppleWebKit/537.36 (KHTML, like Gecko) Chrome/73.0.3683.103 Safari/537.36"
::1 - - [24/Apr/2019:04:35:07 +0000] "GET /burgers HTTP/1.1" 304 - "http://localhost:3000/burgers" "Mozilla/5.0 (Windows NT 10.0; Win64; x64) AppleWebKit/537.36 (KHTML, like Gecko) Chrome/73.0.3683.103 Safari/537.36"
::1 - - [24/Apr/2019:04:35:08 +0000] "GET /assets/css/burger_style.css HTTP/1.1" 404 166 "http://localhost:3000/burgers" "Mozilla/5.0 (Windows NT 10.0; Win64; x64) AppleWebKit/537.36 (KHTML, like Gecko) Chrome/73.0.3683.103 Safari/537.36"
::1 - - [24/Apr/2019:04:35:09 +0000] "GET /burgers HTTP/1.1" 304 - "http://localhost:3000/burgers" "Mozilla/5.0 (Windows NT 10.0; Win64; x64) AppleWebKit/537.36 (KHTML, like Gecko) Chrome/73.0.3683.103 Safari/537.36"
::1 - - [24/Apr/2019:04:35:09 +0000] "GET /assets/css/burger_style.css HTTP/1.1" 404 166 "http://localhost:3000/burgers" "Mozilla/5.0 (Windows NT 10.0; Win64; x64) AppleWebKit/537.36 (KHTML, like Gecko) Chrome/73.0.3683.103 Safari/537.36"
::1 - - [24/Apr/2019:04:35:22 +0000] "GET /burgers HTTP/1.1" 304 - "http://localhost:3000/burgers" "Mozilla/5.0 (Windows NT 10.0; Win64; x64) AppleWebKit/537.36 (KHTML, like Gecko) Chrome/73.0.3683.103 Safari/537.36"
::1 - - [24/Apr/2019:04:35:22 +0000] "GET /assets/css/burger_style.css HTTP/1.1" 404 166 "http://localhost:3000/burgers" "Mozilla/5.0 (Windows NT 10.0; Win64; x64) AppleWebKit/537.36 (KHTML, like Gecko) Chrome/73.0.3683.103 Safari/537.36"
::1 - - [24/Apr/2019:04:35:24 +0000] "GET /burgers HTTP/1.1" 304 - "http://localhost:3000/burgers" "Mozilla/5.0 (Windows NT 10.0; Win64; x64) AppleWebKit/537.36 (KHTML, like Gecko) Chrome/73.0.3683.103 Safari/537.36"
::1 - - [24/Apr/2019:04:35:24 +0000] "GET /assets/css/burger_style.css HTTP/1.1" 404 166 "http://localhost:3000/burgers" "Mozilla/5.0 (Windows NT 10.0; Win64; x64) AppleWebKit/537.36 (KHTML, like Gecko) Chrome/73.0.3683.103 Safari/537.36"
::1 - - [24/Apr/2019:04:35:24 +0000] "GET /burgers HTTP/1.1" 304 - "http://localhost:3000/burgers" "Mozilla/5.0 (Windows NT 10.0; Win64; x64) AppleWebKit/537.36 (KHTML, like Gecko) Chrome/73.0.3683.103 Safari/537.36"
::1 - - [24/Apr/2019:04:35:24 +0000] "GET /assets/css/burger_style.css HTTP/1.1" 404 166 "http://localhost:3000/burgers" "Mozilla/5.0 (Windows NT 10.0; Win64; x64) AppleWebKit/537.36 (KHTML, like Gecko) Chrome/73.0.3683.103 Safari/537.36"
::1 - - [24/Apr/2019:04:35:25 +0000] "GET /burgers HTTP/1.1" 304 - "http://localhost:3000/burgers" "Mozilla/5.0 (Windows NT 10.0; Win64; x64) AppleWebKit/537.36 (KHTML, like Gecko) Chrome/73.0.3683.103 Safari/537.36"
::1 - - [24/Apr/2019:04:35:25 +0000] "GET /assets/css/burger_style.css HTTP/1.1" 404 166 "http://localhost:3000/burgers" "Mozilla/5.0 (Windows NT 10.0; Win64; x64) AppleWebKit/537.36 (KHTML, like Gecko) Chrome/73.0.3683.103 Safari/537.36"
::1 - - [24/Apr/2019:04:35:25 +0000] "GET /burgers HTTP/1.1" 304 - "http://localhost:3000/burgers" "Mozilla/5.0 (Windows NT 10.0; Win64; x64) AppleWebKit/537.36 (KHTML, like Gecko) Chrome/73.0.3683.103 Safari/537.36"
::1 - - [24/Apr/2019:04:35:25 +0000] "GET /assets/css/burger_style.css HTTP/1.1" 404 166 "http://localhost:3000/burgers" "Mozilla/5.0 (Windows NT 10.0; Win64; x64) AppleWebKit/537.36 (KHTML, like Gecko) Chrome/73.0.3683.103 Safari/537.36"
::1 - - [24/Apr/2019:04:35:25 +0000] "GET /burgers HTTP/1.1" 304 - "http://localhost:3000/burgers" "Mozilla/5.0 (Windows NT 10.0; Win64; x64) AppleWebKit/537.36 (KHTML, like Gecko) Chrome/73.0.3683.103 Safari/537.36"
::1 - - [24/Apr/2019:04:35:25 +0000] "GET /assets/css/burger_style.css HTTP/1.1" 404 166 "http://localhost:3000/burgers" "Mozilla/5.0 (Windows NT 10.0; Win64; x64) AppleWebKit/537.36 (KHTML, like Gecko) Chrome/73.0.3683.103 Safari/537.36"
::1 - - [24/Apr/2019:04:35:26 +0000] "GET /burgers HTTP/1.1" 304 - "http://localhost:3000/burgers" "Mozilla/5.0 (Windows NT 10.0; Win64; x64) AppleWebKit/537.36 (KHTML, like Gecko) Chrome/73.0.3683.103 Safari/537.36"
::1 - - [24/Apr/2019:04:35:26 +0000] "GET /assets/css/burger_style.css HTTP/1.1" 404 166 "http://localhost:3000/burgers" "Mozilla/5.0 (Windows NT 10.0; Win64; x64) AppleWebKit/537.36 (KHTML, like Gecko) Chrome/73.0.3683.103 Safari/537.36"
::1 - - [24/Apr/2019:04:35:26 +0000] "GET /burgers HTTP/1.1" 304 - "http://localhost:3000/burgers" "Mozilla/5.0 (Windows NT 10.0; Win64; x64) AppleWebKit/537.36 (KHTML, like Gecko) Chrome/73.0.3683.103 Safari/537.36"
::1 - - [24/Apr/2019:04:35:26 +0000] "GET /assets/css/burger_style.css HTTP/1.1" 404 166 "http://localhost:3000/burgers" "Mozilla/5.0 (Windows NT 10.0; Win64; x64) AppleWebKit/537.36 (KHTML, like Gecko) Chrome/73.0.3683.103 Safari/537.36"
::1 - - [24/Apr/2019:04:35:26 +0000] "GET /burgers HTTP/1.1" 304 - "http://localhost:3000/burgers" "Mozilla/5.0 (Windows NT 10.0; Win64; x64) AppleWebKit/537.36 (KHTML, like Gecko) Chrome/73.0.3683.103 Safari/537.36"
::1 - - [24/Apr/2019:04:35:26 +0000] "GET /assets/css/burger_style.css HTTP/1.1" 404 166 "http://localhost:3000/burgers" "Mozilla/5.0 (Windows NT 10.0; Win64; x64) AppleWebKit/537.36 (KHTML, like Gecko) Chrome/73.0.3683.103 Safari/537.36"
::1 - - [24/Apr/2019:04:35:26 +0000] "GET /burgers HTTP/1.1" 304 - "http://localhost:3000/burgers" "Mozilla/5.0 (Windows NT 10.0; Win64; x64) AppleWebKit/537.36 (KHTML, like Gecko) Chrome/73.0.3683.103 Safari/537.36"
::1 - - [24/Apr/2019:04:35:26 +0000] "GET /assets/css/burger_style.css HTTP/1.1" 404 166 "http://localhost:3000/burgers" "Mozilla/5.0 (Windows NT 10.0; Win64; x64) AppleWebKit/537.36 (KHTML, like Gecko) Chrome/73.0.3683.103 Safari/537.36"
::1 - - [24/Apr/2019:04:35:27 +0000] "GET /burgers HTTP/1.1" 304 - "http://localhost:3000/burgers" "Mozilla/5.0 (Windows NT 10.0; Win64; x64) AppleWebKit/537.36 (KHTML, like Gecko) Chrome/73.0.3683.103 Safari/537.36"
::1 - - [24/Apr/2019:04:35:27 +0000] "GET /assets/css/burger_style.css HTTP/1.1" 404 166 "http://localhost:3000/burgers" "Mozilla/5.0 (Windows NT 10.0; Win64; x64) AppleWebKit/537.36 (KHTML, like Gecko) Chrome/73.0.3683.103 Safari/537.36"
::1 - - [24/Apr/2019:04:35:27 +0000] "GET /burgers HTTP/1.1" 304 - "http://localhost:3000/burgers" "Mozilla/5.0 (Windows NT 10.0; Win64; x64) AppleWebKit/537.36 (KHTML, like Gecko) Chrome/73.0.3683.103 Safari/537.36"
::1 - - [24/Apr/2019:04:35:27 +0000] "GET /assets/css/burger_style.css HTTP/1.1" 404 166 "http://localhost:3000/burgers" "Mozilla/5.0 (Windows NT 10.0; Win64; x64) AppleWebKit/537.36 (KHTML, like Gecko) Chrome/73.0.3683.103 Safari/537.36"
::1 - - [24/Apr/2019:04:35:27 +0000] "GET /burgers HTTP/1.1" 304 - "http://localhost:3000/burgers" "Mozilla/5.0 (Windows NT 10.0; Win64; x64) AppleWebKit/537.36 (KHTML, like Gecko) Chrome/73.0.3683.103 Safari/537.36"
::1 - - [24/Apr/2019:04:35:27 +0000] "GET /assets/css/burger_style.css HTTP/1.1" 404 166 "http://localhost:3000/burgers" "Mozilla/5.0 (Windows NT 10.0; Win64; x64) AppleWebKit/537.36 (KHTML, like Gecko) Chrome/73.0.3683.103 Safari/537.36"
::1 - - [24/Apr/2019:04:35:27 +0000] "GET /burgers HTTP/1.1" 304 - "http://localhost:3000/burgers" "Mozilla/5.0 (Windows NT 10.0; Win64; x64) AppleWebKit/537.36 (KHTML, like Gecko) Chrome/73.0.3683.103 Safari/537.36"
::1 - - [24/Apr/2019:04:35:27 +0000] "GET /assets/css/burger_style.css HTTP/1.1" 404 166 "http://localhost:3000/burgers" "Mozilla/5.0 (Windows NT 10.0; Win64; x64) AppleWebKit/537.36 (KHTML, like Gecko) Chrome/73.0.3683.103 Safari/537.36"
::1 - - [24/Apr/2019:04:35:28 +0000] "GET /burgers HTTP/1.1" 304 - "http://localhost:3000/burgers" "Mozilla/5.0 (Windows NT 10.0; Win64; x64) AppleWebKit/537.36 (KHTML, like Gecko) Chrome/73.0.3683.103 Safari/537.36"
::1 - - [24/Apr/2019:04:35:28 +0000] "GET /assets/css/burger_style.css HTTP/1.1" 404 166 "http://localhost:3000/burgers" "Mozilla/5.0 (Windows NT 10.0; Win64; x64) AppleWebKit/537.36 (KHTML, like Gecko) Chrome/73.0.3683.103 Safari/537.36"
::1 - - [24/Apr/2019:04:35:28 +0000] "GET /burgers HTTP/1.1" 304 - "http://localhost:3000/burgers" "Mozilla/5.0 (Windows NT 10.0; Win64; x64) AppleWebKit/537.36 (KHTML, like Gecko) Chrome/73.0.3683.103 Safari/537.36"
::1 - - [24/Apr/2019:04:35:28 +0000] "GET /assets/css/burger_style.css HTTP/1.1" 404 166 "http://localhost:3000/burgers" "Mozilla/5.0 (Windows NT 10.0; Win64; x64) AppleWebKit/537.36 (KHTML, like Gecko) Chrome/73.0.3683.103 Safari/537.36"
::1 - - [24/Apr/2019:04:35:28 +0000] "GET /burgers HTTP/1.1" 304 - "http://localhost:3000/burgers" "Mozilla/5.0 (Windows NT 10.0; Win64; x64) AppleWebKit/537.36 (KHTML, like Gecko) Chrome/73.0.3683.103 Safari/537.36"
::1 - - [24/Apr/2019:04:35:28 +0000] "GET /assets/css/burger_style.css HTTP/1.1" 404 166 "http://localhost:3000/burgers" "Mozilla/5.0 (Windows NT 10.0; Win64; x64) AppleWebKit/537.36 (KHTML, like Gecko) Chrome/73.0.3683.103 Safari/537.36"
::1 - - [24/Apr/2019:04:35:28 +0000] "GET /burgers HTTP/1.1" 304 - "http://localhost:3000/burgers" "Mozilla/5.0 (Windows NT 10.0; Win64; x64) AppleWebKit/537.36 (KHTML, like Gecko) Chrome/73.0.3683.103 Safari/537.36"
::1 - - [24/Apr/2019:04:35:28 +0000] "GET /assets/css/burger_style.css HTTP/1.1" 404 166 "http://localhost:3000/burgers" "Mozilla/5.0 (Windows NT 10.0; Win64; x64) AppleWebKit/537.36 (KHTML, like Gecko) Chrome/73.0.3683.103 Safari/537.36"
::1 - - [24/Apr/2019:04:35:29 +0000] "GET /burgers HTTP/1.1" 304 - "http://localhost:3000/burgers" "Mozilla/5.0 (Windows NT 10.0; Win64; x64) AppleWebKit/537.36 (KHTML, like Gecko) Chrome/73.0.3683.103 Safari/537.36"
::1 - - [24/Apr/2019:04:35:29 +0000] "GET /assets/css/burger_style.css HTTP/1.1" 404 166 "http://localhost:3000/burgers" "Mozilla/5.0 (Windows NT 10.0; Win64; x64) AppleWebKit/537.36 (KHTML, like Gecko) Chrome/73.0.3683.103 Safari/537.36"
::1 - - [24/Apr/2019:04:35:29 +0000] "GET /burgers HTTP/1.1" 304 - "http://localhost:3000/burgers" "Mozilla/5.0 (Windows NT 10.0; Win64; x64) AppleWebKit/537.36 (KHTML, like Gecko) Chrome/73.0.3683.103 Safari/537.36"
::1 - - [24/Apr/2019:04:35:29 +0000] "GET /assets/css/burger_style.css HTTP/1.1" 404 166 "http://localhost:3000/burgers" "Mozilla/5.0 (Windows NT 10.0; Win64; x64) AppleWebKit/537.36 (KHTML, like Gecko) Chrome/73.0.3683.103 Safari/537.36"
::1 - - [24/Apr/2019:04:35:29 +0000] "GET /burgers HTTP/1.1" 304 - "http://localhost:3000/burgers" "Mozilla/5.0 (Windows NT 10.0; Win64; x64) AppleWebKit/537.36 (KHTML, like Gecko) Chrome/73.0.3683.103 Safari/537.36"
::1 - - [24/Apr/2019:04:35:29 +0000] "GET /assets/css/burger_style.css HTTP/1.1" 404 166 "http://localhost:3000/burgers" "Mozilla/5.0 (Windows NT 10.0; Win64; x64) AppleWebKit/537.36 (KHTML, like Gecko) Chrome/73.0.3683.103 Safari/537.36"
::1 - - [24/Apr/2019:04:35:29 +0000] "GET /burgers HTTP/1.1" 304 - "http://localhost:3000/burgers" "Mozilla/5.0 (Windows NT 10.0; Win64; x64) AppleWebKit/537.36 (KHTML, like Gecko) Chrome/73.0.3683.103 Safari/537.36"
::1 - - [24/Apr/2019:04:35:29 +0000] "GET /assets/css/burger_style.css HTTP/1.1" 404 166 "http://localhost:3000/burgers" "Mozilla/5.0 (Windows NT 10.0; Win64; x64) AppleWebKit/537.36 (KHTML, like Gecko) Chrome/73.0.3683.103 Safari/537.36"
::1 - - [24/Apr/2019:04:35:30 +0000] "GET /burgers HTTP/1.1" 304 - "http://localhost:3000/burgers" "Mozilla/5.0 (Windows NT 10.0; Win64; x64) AppleWebKit/537.36 (KHTML, like Gecko) Chrome/73.0.3683.103 Safari/537.36"
::1 - - [24/Apr/2019:04:35:30 +0000] "GET /assets/css/burger_style.css HTTP/1.1" 404 166 "http://localhost:3000/burgers" "Mozilla/5.0 (Windows NT 10.0; Win64; x64) AppleWebKit/537.36 (KHTML, like Gecko) Chrome/73.0.3683.103 Safari/537.36"
::1 - - [24/Apr/2019:04:35:30 +0000] "GET /burgers HTTP/1.1" 304 - "http://localhost:3000/burgers" "Mozilla/5.0 (Windows NT 10.0; Win64; x64) AppleWebKit/537.36 (KHTML, like Gecko) Chrome/73.0.3683.103 Safari/537.36"
::1 - - [24/Apr/2019:04:35:30 +0000] "GET /assets/css/burger_style.css HTTP/1.1" 404 166 "http://localhost:3000/burgers" "Mozilla/5.0 (Windows NT 10.0; Win64; x64) AppleWebKit/537.36 (KHTML, like Gecko) Chrome/73.0.3683.103 Safari/537.36"
::1 - - [24/Apr/2019:04:35:30 +0000] "GET /burgers HTTP/1.1" 304 - "http://localhost:3000/burgers" "Mozilla/5.0 (Windows NT 10.0; Win64; x64) AppleWebKit/537.36 (KHTML, like Gecko) Chrome/73.0.3683.103 Safari/537.36"
::1 - - [24/Apr/2019:04:35:30 +0000] "GET /assets/css/burger_style.css HTTP/1.1" 404 166 "http://localhost:3000/burgers" "Mozilla/5.0 (Windows NT 10.0; Win64; x64) AppleWebKit/537.36 (KHTML, like Gecko) Chrome/73.0.3683.103 Safari/537.36"
::1 - - [24/Apr/2019:04:35:30 +0000] "GET /burgers HTTP/1.1" 304 - "http://localhost:3000/burgers" "Mozilla/5.0 (Windows NT 10.0; Win64; x64) AppleWebKit/537.36 (KHTML, like Gecko) Chrome/73.0.3683.103 Safari/537.36"
::1 - - [24/Apr/2019:04:35:30 +0000] "GET /assets/css/burger_style.css HTTP/1.1" 404 166 "http://localhost:3000/burgers" "Mozilla/5.0 (Windows NT 10.0; Win64; x64) AppleWebKit/537.36 (KHTML, like Gecko) Chrome/73.0.3683.103 Safari/537.36"
::1 - - [24/Apr/2019:04:35:30 +0000] "GET /burgers HTTP/1.1" 304 - "http://localhost:3000/burgers" "Mozilla/5.0 (Windows NT 10.0; Win64; x64) AppleWebKit/537.36 (KHTML, like Gecko) Chrome/73.0.3683.103 Safari/537.36"
::1 - - [24/Apr/2019:04:35:31 +0000] "GET /assets/css/burger_style.css HTTP/1.1" 404 166 "http://localhost:3000/burgers" "Mozilla/5.0 (Windows NT 10.0; Win64; x64) AppleWebKit/537.36 (KHTML, like Gecko) Chrome/73.0.3683.103 Safari/537.36"
::1 - - [24/Apr/2019:04:35:31 +0000] "GET /burgers HTTP/1.1" 304 - "http://localhost:3000/burgers" "Mozilla/5.0 (Windows NT 10.0; Win64; x64) AppleWebKit/537.36 (KHTML, like Gecko) Chrome/73.0.3683.103 Safari/537.36"
::1 - - [24/Apr/2019:04:35:31 +0000] "GET /assets/css/burger_style.css HTTP/1.1" 404 166 "http://localhost:3000/burgers" "Mozilla/5.0 (Windows NT 10.0; Win64; x64) AppleWebKit/537.36 (KHTML, like Gecko) Chrome/73.0.3683.103 Safari/537.36"
::1 - - [24/Apr/2019:04:35:31 +0000] "GET /burgers HTTP/1.1" 304 - "http://localhost:3000/burgers" "Mozilla/5.0 (Windows NT 10.0; Win64; x64) AppleWebKit/537.36 (KHTML, like Gecko) Chrome/73.0.3683.103 Safari/537.36"
::1 - - [24/Apr/2019:04:35:31 +0000] "GET /assets/css/burger_style.css HTTP/1.1" 404 166 "http://localhost:3000/burgers" "Mozilla/5.0 (Windows NT 10.0; Win64; x64) AppleWebKit/537.36 (KHTML, like Gecko) Chrome/73.0.3683.103 Safari/537.36"
::1 - - [24/Apr/2019:04:36:51 +0000] "GET /burgers HTTP/1.1" 304 - "http://localhost:3000/burgers" "Mozilla/5.0 (Windows NT 10.0; Win64; x64) AppleWebKit/537.36 (KHTML, like Gecko) Chrome/73.0.3683.103 Safari/537.36"
::1 - - [24/Apr/2019:04:36:51 +0000] "GET /assets/css/burger_style.css HTTP/1.1" 404 166 "http://localhost:3000/burgers" "Mozilla/5.0 (Windows NT 10.0; Win64; x64) AppleWebKit/537.36 (KHTML, like Gecko) Chrome/73.0.3683.103 Safari/537.36"
::1 - - [24/Apr/2019:04:37:23 +0000] "GET /burgers HTTP/1.1" 304 - "http://localhost:3000/burgers" "Mozilla/5.0 (Windows NT 10.0; Win64; x64) AppleWebKit/537.36 (KHTML, like Gecko) Chrome/73.0.3683.103 Safari/537.36"
::1 - - [24/Apr/2019:04:37:23 +0000] "GET /assets/css/burger_style.css HTTP/1.1" 404 166 "http://localhost:3000/burgers" "Mozilla/5.0 (Windows NT 10.0; Win64; x64) AppleWebKit/537.36 (KHTML, like Gecko) Chrome/73.0.3683.103 Safari/537.36"
::1 - - [24/Apr/2019:04:37:25 +0000] "GET /burgers HTTP/1.1" 304 - "http://localhost:3000/burgers" "Mozilla/5.0 (Windows NT 10.0; Win64; x64) AppleWebKit/537.36 (KHTML, like Gecko) Chrome/73.0.3683.103 Safari/537.36"
::1 - - [24/Apr/2019:04:37:25 +0000] "GET /assets/css/burger_style.css HTTP/1.1" 404 166 "http://localhost:3000/burgers" "Mozilla/5.0 (Windows NT 10.0; Win64; x64) AppleWebKit/537.36 (KHTML, like Gecko) Chrome/73.0.3683.103 Safari/537.36"
::1 - - [24/Apr/2019:04:37:31 +0000] "GET / HTTP/1.1" 302 60 "-" "Mozilla/5.0 (Windows NT 10.0; Win64; x64) AppleWebKit/537.36 (KHTML, like Gecko) Chrome/73.0.3683.103 Safari/537.36"
::1 - - [24/Apr/2019:04:37:31 +0000] "GET /burgers HTTP/1.1" 304 - "-" "Mozilla/5.0 (Windows NT 10.0; Win64; x64) AppleWebKit/537.36 (KHTML, like Gecko) Chrome/73.0.3683.103 Safari/537.36"
::1 - - [24/Apr/2019:04:37:31 +0000] "GET /assets/css/burger_style.css HTTP/1.1" 404 166 "http://localhost:3000/burgers" "Mozilla/5.0 (Windows NT 10.0; Win64; x64) AppleWebKit/537.36 (KHTML, like Gecko) Chrome/73.0.3683.103 Safari/537.36"
::1 - - [24/Apr/2019:04:38:03 +0000] "GET /burgers HTTP/1.1" 304 - "-" "Mozilla/5.0 (Windows NT 10.0; Win64; x64) AppleWebKit/537.36 (KHTML, like Gecko) Chrome/73.0.3683.103 Safari/537.36"
::1 - - [24/Apr/2019:04:38:03 +0000] "GET /assets/css/burger_style.css HTTP/1.1" 404 166 "http://localhost:3000/burgers" "Mozilla/5.0 (Windows NT 10.0; Win64; x64) AppleWebKit/537.36 (KHTML, like Gecko) Chrome/73.0.3683.103 Safari/537.36"
::1 - - [24/Apr/2019:04:38:05 +0000] "GET /burgers HTTP/1.1" 304 - "-" "Mozilla/5.0 (Windows NT 10.0; Win64; x64) AppleWebKit/537.36 (KHTML, like Gecko) Chrome/73.0.3683.103 Safari/537.36"
::1 - - [24/Apr/2019:04:38:05 +0000] "GET /assets/css/burger_style.css HTTP/1.1" 404 166 "http://localhost:3000/burgers" "Mozilla/5.0 (Windows NT 10.0; Win64; x64) AppleWebKit/537.36 (KHTML, like Gecko) Chrome/73.0.3683.103 Safari/537.36"
::1 - - [24/Apr/2019:04:38:06 +0000] "GET /burgers HTTP/1.1" 304 - "-" "Mozilla/5.0 (Windows NT 10.0; Win64; x64) AppleWebKit/537.36 (KHTML, like Gecko) Chrome/73.0.3683.103 Safari/537.36"
::1 - - [24/Apr/2019:04:38:06 +0000] "GET /assets/css/burger_style.css HTTP/1.1" 404 166 "http://localhost:3000/burgers" "Mozilla/5.0 (Windows NT 10.0; Win64; x64) AppleWebKit/537.36 (KHTML, like Gecko) Chrome/73.0.3683.103 Safari/537.36"
::1 - - [24/Apr/2019:04:39:43 +0000] "GET /burgers HTTP/1.1" 304 - "-" "Mozilla/5.0 (Windows NT 10.0; Win64; x64) AppleWebKit/537.36 (KHTML, like Gecko) Chrome/73.0.3683.103 Safari/537.36"
::1 - - [24/Apr/2019:04:39:43 +0000] "GET /assets/css/burger_style.css HTTP/1.1" 404 166 "http://localhost:3000/burgers" "Mozilla/5.0 (Windows NT 10.0; Win64; x64) AppleWebKit/537.36 (KHTML, like Gecko) Chrome/73.0.3683.103 Safari/537.36"
::1 - - [24/Apr/2019:04:39:45 +0000] "GET /burgers HTTP/1.1" 304 - "-" "Mozilla/5.0 (Windows NT 10.0; Win64; x64) AppleWebKit/537.36 (KHTML, like Gecko) Chrome/73.0.3683.103 Safari/537.36"
::1 - - [24/Apr/2019:04:39:45 +0000] "GET /assets/css/burger_style.css HTTP/1.1" 404 166 "http://localhost:3000/burgers" "Mozilla/5.0 (Windows NT 10.0; Win64; x64) AppleWebKit/537.36 (KHTML, like Gecko) Chrome/73.0.3683.103 Safari/537.36"
::1 - - [24/Apr/2019:04:39:45 +0000] "GET /burgers HTTP/1.1" 304 - "-" "Mozilla/5.0 (Windows NT 10.0; Win64; x64) AppleWebKit/537.36 (KHTML, like Gecko) Chrome/73.0.3683.103 Safari/537.36"
::1 - - [24/Apr/2019:04:39:45 +0000] "GET /assets/css/burger_style.css HTTP/1.1" 404 166 "http://localhost:3000/burgers" "Mozilla/5.0 (Windows NT 10.0; Win64; x64) AppleWebKit/537.36 (KHTML, like Gecko) Chrome/73.0.3683.103 Safari/537.36"
::1 - - [24/Apr/2019:04:39:46 +0000] "GET /burgers HTTP/1.1" 304 - "-" "Mozilla/5.0 (Windows NT 10.0; Win64; x64) AppleWebKit/537.36 (KHTML, like Gecko) Chrome/73.0.3683.103 Safari/537.36"
::1 - - [24/Apr/2019:04:39:46 +0000] "GET /assets/css/burger_style.css HTTP/1.1" 404 166 "http://localhost:3000/burgers" "Mozilla/5.0 (Windows NT 10.0; Win64; x64) AppleWebKit/537.36 (KHTML, like Gecko) Chrome/73.0.3683.103 Safari/537.36"
::1 - - [24/Apr/2019:04:39:46 +0000] "GET /burgers HTTP/1.1" 304 - "-" "Mozilla/5.0 (Windows NT 10.0; Win64; x64) AppleWebKit/537.36 (KHTML, like Gecko) Chrome/73.0.3683.103 Safari/537.36"
::1 - - [24/Apr/2019:04:39:46 +0000] "GET /assets/css/burger_style.css HTTP/1.1" 404 166 "http://localhost:3000/burgers" "Mozilla/5.0 (Windows NT 10.0; Win64; x64) AppleWebKit/537.36 (KHTML, like Gecko) Chrome/73.0.3683.103 Safari/537.36"
::1 - - [24/Apr/2019:04:39:46 +0000] "GET /burgers HTTP/1.1" 304 - "-" "Mozilla/5.0 (Windows NT 10.0; Win64; x64) AppleWebKit/537.36 (KHTML, like Gecko) Chrome/73.0.3683.103 Safari/537.36"
::1 - - [24/Apr/2019:04:39:46 +0000] "GET /assets/css/burger_style.css HTTP/1.1" 404 166 "http://localhost:3000/burgers" "Mozilla/5.0 (Windows NT 10.0; Win64; x64) AppleWebKit/537.36 (KHTML, like Gecko) Chrome/73.0.3683.103 Safari/537.36"
::1 - - [24/Apr/2019:04:39:46 +0000] "GET /burgers HTTP/1.1" 304 - "-" "Mozilla/5.0 (Windows NT 10.0; Win64; x64) AppleWebKit/537.36 (KHTML, like Gecko) Chrome/73.0.3683.103 Safari/537.36"
::1 - - [24/Apr/2019:04:39:46 +0000] "GET /assets/css/burger_style.css HTTP/1.1" 404 166 "http://localhost:3000/burgers" "Mozilla/5.0 (Windows NT 10.0; Win64; x64) AppleWebKit/537.36 (KHTML, like Gecko) Chrome/73.0.3683.103 Safari/537.36"
::1 - - [24/Apr/2019:04:39:58 +0000] "GET /burgers HTTP/1.1" 304 - "-" "Mozilla/5.0 (Windows NT 10.0; Win64; x64) AppleWebKit/537.36 (KHTML, like Gecko) Chrome/73.0.3683.103 Safari/537.36"
::1 - - [24/Apr/2019:04:39:58 +0000] "GET /assets/css/burger_style.css HTTP/1.1" 404 166 "http://localhost:3000/burgers" "Mozilla/5.0 (Windows NT 10.0; Win64; x64) AppleWebKit/537.36 (KHTML, like Gecko) Chrome/73.0.3683.103 Safari/537.36"
::1 - - [24/Apr/2019:04:40:00 +0000] "GET /burgers HTTP/1.1" 304 - "-" "Mozilla/5.0 (Windows NT 10.0; Win64; x64) AppleWebKit/537.36 (KHTML, like Gecko) Chrome/73.0.3683.103 Safari/537.36"
::1 - - [24/Apr/2019:04:40:00 +0000] "GET /assets/css/burger_style.css HTTP/1.1" 404 166 "http://localhost:3000/burgers" "Mozilla/5.0 (Windows NT 10.0; Win64; x64) AppleWebKit/537.36 (KHTML, like Gecko) Chrome/73.0.3683.103 Safari/537.36"
::1 - - [24/Apr/2019:04:40:00 +0000] "GET /burgers HTTP/1.1" 304 - "-" "Mozilla/5.0 (Windows NT 10.0; Win64; x64) AppleWebKit/537.36 (KHTML, like Gecko) Chrome/73.0.3683.103 Safari/537.36"
::1 - - [24/Apr/2019:04:40:01 +0000] "GET /assets/css/burger_style.css HTTP/1.1" 404 166 "http://localhost:3000/burgers" "Mozilla/5.0 (Windows NT 10.0; Win64; x64) AppleWebKit/537.36 (KHTML, like Gecko) Chrome/73.0.3683.103 Safari/537.36"
::1 - - [24/Apr/2019:04:40:01 +0000] "GET /burgers HTTP/1.1" 304 - "-" "Mozilla/5.0 (Windows NT 10.0; Win64; x64) AppleWebKit/537.36 (KHTML, like Gecko) Chrome/73.0.3683.103 Safari/537.36"
::1 - - [24/Apr/2019:04:40:01 +0000] "GET /assets/css/burger_style.css HTTP/1.1" 404 166 "http://localhost:3000/burgers" "Mozilla/5.0 (Windows NT 10.0; Win64; x64) AppleWebKit/537.36 (KHTML, like Gecko) Chrome/73.0.3683.103 Safari/537.36"
::1 - - [24/Apr/2019:04:40:12 +0000] "GET /burgers HTTP/1.1" 304 - "-" "Mozilla/5.0 (Windows NT 10.0; Win64; x64) AppleWebKit/537.36 (KHTML, like Gecko) Chrome/73.0.3683.103 Safari/537.36"
::1 - - [24/Apr/2019:04:40:12 +0000] "GET /assets/css/burger_style.css HTTP/1.1" 404 166 "http://localhost:3000/burgers" "Mozilla/5.0 (Windows NT 10.0; Win64; x64) AppleWebKit/537.36 (KHTML, like Gecko) Chrome/73.0.3683.103 Safari/537.36"
::1 - - [24/Apr/2019:04:40:13 +0000] "GET /burgers HTTP/1.1" 304 - "-" "Mozilla/5.0 (Windows NT 10.0; Win64; x64) AppleWebKit/537.36 (KHTML, like Gecko) Chrome/73.0.3683.103 Safari/537.36"
::1 - - [24/Apr/2019:04:40:13 +0000] "GET /assets/css/burger_style.css HTTP/1.1" 404 166 "http://localhost:3000/burgers" "Mozilla/5.0 (Windows NT 10.0; Win64; x64) AppleWebKit/537.36 (KHTML, like Gecko) Chrome/73.0.3683.103 Safari/537.36"
::1 - - [24/Apr/2019:04:40:42 +0000] "GET /burgers HTTP/1.1" 304 - "-" "Mozilla/5.0 (Windows NT 10.0; Win64; x64) AppleWebKit/537.36 (KHTML, like Gecko) Chrome/73.0.3683.103 Safari/537.36"
::1 - - [24/Apr/2019:04:40:42 +0000] "GET /assets/css/burger_style.css HTTP/1.1" 404 166 "http://localhost:3000/burgers" "Mozilla/5.0 (Windows NT 10.0; Win64; x64) AppleWebKit/537.36 (KHTML, like Gecko) Chrome/73.0.3683.103 Safari/537.36"
::1 - - [24/Apr/2019:04:43:01 +0000] "GET /burgers HTTP/1.1" 304 - "-" "Mozilla/5.0 (Windows NT 10.0; Win64; x64) AppleWebKit/537.36 (KHTML, like Gecko) Chrome/73.0.3683.103 Safari/537.36"
::1 - - [24/Apr/2019:04:43:02 +0000] "GET /assets/css/burger_style.css HTTP/1.1" 404 166 "http://localhost:3000/burgers" "Mozilla/5.0 (Windows NT 10.0; Win64; x64) AppleWebKit/537.36 (KHTML, like Gecko) Chrome/73.0.3683.103 Safari/537.36"
::1 - - [24/Apr/2019:04:43:04 +0000] "GET /burgers HTTP/1.1" 304 - "-" "Mozilla/5.0 (Windows NT 10.0; Win64; x64) AppleWebKit/537.36 (KHTML, like Gecko) Chrome/73.0.3683.103 Safari/537.36"
::1 - - [24/Apr/2019:04:43:04 +0000] "GET /assets/css/burger_style.css HTTP/1.1" 404 166 "http://localhost:3000/burgers" "Mozilla/5.0 (Windows NT 10.0; Win64; x64) AppleWebKit/537.36 (KHTML, like Gecko) Chrome/73.0.3683.103 Safari/537.36"
::1 - - [24/Apr/2019:04:43:04 +0000] "GET /burgers HTTP/1.1" 304 - "-" "Mozilla/5.0 (Windows NT 10.0; Win64; x64) AppleWebKit/537.36 (KHTML, like Gecko) Chrome/73.0.3683.103 Safari/537.36"
::1 - - [24/Apr/2019:04:43:04 +0000] "GET /assets/css/burger_style.css HTTP/1.1" 404 166 "http://localhost:3000/burgers" "Mozilla/5.0 (Windows NT 10.0; Win64; x64) AppleWebKit/537.36 (KHTML, like Gecko) Chrome/73.0.3683.103 Safari/537.36"
::1 - - [24/Apr/2019:04:43:05 +0000] "GET /burgers HTTP/1.1" 304 - "-" "Mozilla/5.0 (Windows NT 10.0; Win64; x64) AppleWebKit/537.36 (KHTML, like Gecko) Chrome/73.0.3683.103 Safari/537.36"
::1 - - [24/Apr/2019:04:43:05 +0000] "GET /assets/css/burger_style.css HTTP/1.1" 404 166 "http://localhost:3000/burgers" "Mozilla/5.0 (Windows NT 10.0; Win64; x64) AppleWebKit/537.36 (KHTML, like Gecko) Chrome/73.0.3683.103 Safari/537.36"
::1 - - [24/Apr/2019:04:43:05 +0000] "GET /burgers HTTP/1.1" 304 - "-" "Mozilla/5.0 (Windows NT 10.0; Win64; x64) AppleWebKit/537.36 (KHTML, like Gecko) Chrome/73.0.3683.103 Safari/537.36"
::1 - - [24/Apr/2019:04:43:05 +0000] "GET /assets/css/burger_style.css HTTP/1.1" 404 166 "http://localhost:3000/burgers" "Mozilla/5.0 (Windows NT 10.0; Win64; x64) AppleWebKit/537.36 (KHTML, like Gecko) Chrome/73.0.3683.103 Safari/537.36"
::1 - - [24/Apr/2019:04:43:05 +0000] "GET /burgers HTTP/1.1" 304 - "-" "Mozilla/5.0 (Windows NT 10.0; Win64; x64) AppleWebKit/537.36 (KHTML, like Gecko) Chrome/73.0.3683.103 Safari/537.36"
::1 - - [24/Apr/2019:04:43:05 +0000] "GET /assets/css/burger_style.css HTTP/1.1" 404 166 "http://localhost:3000/burgers" "Mozilla/5.0 (Windows NT 10.0; Win64; x64) AppleWebKit/537.36 (KHTML, like Gecko) Chrome/73.0.3683.103 Safari/537.36"
::1 - - [24/Apr/2019:04:43:12 +0000] "GET /burgers HTTP/1.1" 304 - "-" "Mozilla/5.0 (Windows NT 10.0; Win64; x64) AppleWebKit/537.36 (KHTML, like Gecko) Chrome/73.0.3683.103 Safari/537.36"
::1 - - [24/Apr/2019:04:43:12 +0000] "GET /assets/css/burger_style.css HTTP/1.1" 404 166 "http://localhost:3000/burgers" "Mozilla/5.0 (Windows NT 10.0; Win64; x64) AppleWebKit/537.36 (KHTML, like Gecko) Chrome/73.0.3683.103 Safari/537.36"
::1 - - [24/Apr/2019:04:43:13 +0000] "GET /burgers HTTP/1.1" 304 - "-" "Mozilla/5.0 (Windows NT 10.0; Win64; x64) AppleWebKit/537.36 (KHTML, like Gecko) Chrome/73.0.3683.103 Safari/537.36"
::1 - - [24/Apr/2019:04:43:13 +0000] "GET /assets/css/burger_style.css HTTP/1.1" 404 166 "http://localhost:3000/burgers" "Mozilla/5.0 (Windows NT 10.0; Win64; x64) AppleWebKit/537.36 (KHTML, like Gecko) Chrome/73.0.3683.103 Safari/537.36"
::1 - - [24/Apr/2019:04:43:14 +0000] "GET /burgers HTTP/1.1" 304 - "-" "Mozilla/5.0 (Windows NT 10.0; Win64; x64) AppleWebKit/537.36 (KHTML, like Gecko) Chrome/73.0.3683.103 Safari/537.36"
::1 - - [24/Apr/2019:04:43:14 +0000] "GET /assets/css/burger_style.css HTTP/1.1" 404 166 "http://localhost:3000/burgers" "Mozilla/5.0 (Windows NT 10.0; Win64; x64) AppleWebKit/537.36 (KHTML, like Gecko) Chrome/73.0.3683.103 Safari/537.36"
::1 - - [24/Apr/2019:04:43:14 +0000] "GET /burgers HTTP/1.1" 304 - "-" "Mozilla/5.0 (Windows NT 10.0; Win64; x64) AppleWebKit/537.36 (KHTML, like Gecko) Chrome/73.0.3683.103 Safari/537.36"
::1 - - [24/Apr/2019:04:43:14 +0000] "GET /assets/css/burger_style.css HTTP/1.1" 404 166 "http://localhost:3000/burgers" "Mozilla/5.0 (Windows NT 10.0; Win64; x64) AppleWebKit/537.36 (KHTML, like Gecko) Chrome/73.0.3683.103 Safari/537.36"
::1 - - [24/Apr/2019:04:43:15 +0000] "GET /burgers HTTP/1.1" 304 - "-" "Mozilla/5.0 (Windows NT 10.0; Win64; x64) AppleWebKit/537.36 (KHTML, like Gecko) Chrome/73.0.3683.103 Safari/537.36"
::1 - - [24/Apr/2019:04:43:15 +0000] "GET /assets/css/burger_style.css HTTP/1.1" 404 166 "http://localhost:3000/burgers" "Mozilla/5.0 (Windows NT 10.0; Win64; x64) AppleWebKit/537.36 (KHTML, like Gecko) Chrome/73.0.3683.103 Safari/537.36"
::1 - - [24/Apr/2019:04:43:15 +0000] "GET /burgers HTTP/1.1" 304 - "-" "Mozilla/5.0 (Windows NT 10.0; Win64; x64) AppleWebKit/537.36 (KHTML, like Gecko) Chrome/73.0.3683.103 Safari/537.36"
::1 - - [24/Apr/2019:04:43:15 +0000] "GET /assets/css/burger_style.css HTTP/1.1" 404 166 "http://localhost:3000/burgers" "Mozilla/5.0 (Windows NT 10.0; Win64; x64) AppleWebKit/537.36 (KHTML, like Gecko) Chrome/73.0.3683.103 Safari/537.36"
::1 - - [24/Apr/2019:04:43:15 +0000] "GET /burgers HTTP/1.1" 304 - "-" "Mozilla/5.0 (Windows NT 10.0; Win64; x64) AppleWebKit/537.36 (KHTML, like Gecko) Chrome/73.0.3683.103 Safari/537.36"
::1 - - [24/Apr/2019:04:43:15 +0000] "GET /assets/css/burger_style.css HTTP/1.1" 404 166 "http://localhost:3000/burgers" "Mozilla/5.0 (Windows NT 10.0; Win64; x64) AppleWebKit/537.36 (KHTML, like Gecko) Chrome/73.0.3683.103 Safari/537.36"
::1 - - [24/Apr/2019:04:43:15 +0000] "GET /burgers HTTP/1.1" 304 - "-" "Mozilla/5.0 (Windows NT 10.0; Win64; x64) AppleWebKit/537.36 (KHTML, like Gecko) Chrome/73.0.3683.103 Safari/537.36"
::1 - - [24/Apr/2019:04:43:15 +0000] "GET /assets/css/burger_style.css HTTP/1.1" 404 166 "http://localhost:3000/burgers" "Mozilla/5.0 (Windows NT 10.0; Win64; x64) AppleWebKit/537.36 (KHTML, like Gecko) Chrome/73.0.3683.103 Safari/537.36"
::1 - - [24/Apr/2019:04:43:15 +0000] "GET /burgers HTTP/1.1" 304 - "-" "Mozilla/5.0 (Windows NT 10.0; Win64; x64) AppleWebKit/537.36 (KHTML, like Gecko) Chrome/73.0.3683.103 Safari/537.36"
::1 - - [24/Apr/2019:04:43:15 +0000] "GET /assets/css/burger_style.css HTTP/1.1" 404 166 "http://localhost:3000/burgers" "Mozilla/5.0 (Windows NT 10.0; Win64; x64) AppleWebKit/537.36 (KHTML, like Gecko) Chrome/73.0.3683.103 Safari/537.36"
::1 - - [24/Apr/2019:04:47:23 +0000] "GET /burgers HTTP/1.1" 200 3607 "-" "Mozilla/5.0 (Windows NT 10.0; Win64; x64) AppleWebKit/537.36 (KHTML, like Gecko) Chrome/73.0.3683.103 Safari/537.36"
::1 - - [24/Apr/2019:04:47:23 +0000] "GET /assets/css/burger_style.css HTTP/1.1" 404 166 "http://localhost:3000/burgers" "Mozilla/5.0 (Windows NT 10.0; Win64; x64) AppleWebKit/537.36 (KHTML, like Gecko) Chrome/73.0.3683.103 Safari/537.36"
::1 - - [24/Apr/2019:04:47:25 +0000] "GET /burgers HTTP/1.1" 304 - "-" "Mozilla/5.0 (Windows NT 10.0; Win64; x64) AppleWebKit/537.36 (KHTML, like Gecko) Chrome/73.0.3683.103 Safari/537.36"
::1 - - [24/Apr/2019:04:47:25 +0000] "GET /assets/css/burger_style.css HTTP/1.1" 404 166 "http://localhost:3000/burgers" "Mozilla/5.0 (Windows NT 10.0; Win64; x64) AppleWebKit/537.36 (KHTML, like Gecko) Chrome/73.0.3683.103 Safari/537.36"
::1 - - [24/Apr/2019:04:48:26 +0000] "GET /burgers HTTP/1.1" 200 3610 "-" "Mozilla/5.0 (Windows NT 10.0; Win64; x64) AppleWebKit/537.36 (KHTML, like Gecko) Chrome/73.0.3683.103 Safari/537.36"
::1 - - [24/Apr/2019:04:48:26 +0000] "GET /assets/css/burger_style.css HTTP/1.1" 404 166 "http://localhost:3000/burgers" "Mozilla/5.0 (Windows NT 10.0; Win64; x64) AppleWebKit/537.36 (KHTML, like Gecko) Chrome/73.0.3683.103 Safari/537.36"
::1 - - [24/Apr/2019:04:49:11 +0000] "GET /burgers HTTP/1.1" 304 - "-" "Mozilla/5.0 (Windows NT 10.0; Win64; x64) AppleWebKit/537.36 (KHTML, like Gecko) Chrome/73.0.3683.103 Safari/537.36"
::1 - - [24/Apr/2019:04:49:11 +0000] "GET /assets/css/burger_style.css HTTP/1.1" 404 166 "http://localhost:3000/burgers" "Mozilla/5.0 (Windows NT 10.0; Win64; x64) AppleWebKit/537.36 (KHTML, like Gecko) Chrome/73.0.3683.103 Safari/537.36"
::1 - - [24/Apr/2019:04:49:12 +0000] "GET /burgers HTTP/1.1" 304 - "-" "Mozilla/5.0 (Windows NT 10.0; Win64; x64) AppleWebKit/537.36 (KHTML, like Gecko) Chrome/73.0.3683.103 Safari/537.36"
::1 - - [24/Apr/2019:04:49:12 +0000] "GET /assets/css/burger_style.css HTTP/1.1" 404 166 "http://localhost:3000/burgers" "Mozilla/5.0 (Windows NT 10.0; Win64; x64) AppleWebKit/537.36 (KHTML, like Gecko) Chrome/73.0.3683.103 Safari/537.36"
::1 - - [24/Apr/2019:04:49:12 +0000] "GET /burgers HTTP/1.1" 304 - "-" "Mozilla/5.0 (Windows NT 10.0; Win64; x64) AppleWebKit/537.36 (KHTML, like Gecko) Chrome/73.0.3683.103 Safari/537.36"
::1 - - [24/Apr/2019:04:49:12 +0000] "GET /assets/css/burger_style.css HTTP/1.1" 404 166 "http://localhost:3000/burgers" "Mozilla/5.0 (Windows NT 10.0; Win64; x64) AppleWebKit/537.36 (KHTML, like Gecko) Chrome/73.0.3683.103 Safari/537.36"
::1 - - [24/Apr/2019:04:49:12 +0000] "GET /burgers HTTP/1.1" 304 - "-" "Mozilla/5.0 (Windows NT 10.0; Win64; x64) AppleWebKit/537.36 (KHTML, like Gecko) Chrome/73.0.3683.103 Safari/537.36"
::1 - - [24/Apr/2019:04:49:12 +0000] "GET /assets/css/burger_style.css HTTP/1.1" 404 166 "http://localhost:3000/burgers" "Mozilla/5.0 (Windows NT 10.0; Win64; x64) AppleWebKit/537.36 (KHTML, like Gecko) Chrome/73.0.3683.103 Safari/537.36"
::1 - - [24/Apr/2019:04:49:13 +0000] "GET /burgers HTTP/1.1" 304 - "-" "Mozilla/5.0 (Windows NT 10.0; Win64; x64) AppleWebKit/537.36 (KHTML, like Gecko) Chrome/73.0.3683.103 Safari/537.36"
::1 - - [24/Apr/2019:04:49:13 +0000] "GET /assets/css/burger_style.css HTTP/1.1" 404 166 "http://localhost:3000/burgers" "Mozilla/5.0 (Windows NT 10.0; Win64; x64) AppleWebKit/537.36 (KHTML, like Gecko) Chrome/73.0.3683.103 Safari/537.36"
::1 - - [24/Apr/2019:04:49:13 +0000] "GET /burgers HTTP/1.1" 304 - "-" "Mozilla/5.0 (Windows NT 10.0; Win64; x64) AppleWebKit/537.36 (KHTML, like Gecko) Chrome/73.0.3683.103 Safari/537.36"
::1 - - [24/Apr/2019:04:49:13 +0000] "GET /assets/css/burger_style.css HTTP/1.1" 404 166 "http://localhost:3000/burgers" "Mozilla/5.0 (Windows NT 10.0; Win64; x64) AppleWebKit/537.36 (KHTML, like Gecko) Chrome/73.0.3683.103 Safari/537.36"
::1 - - [24/Apr/2019:04:49:13 +0000] "GET /burgers HTTP/1.1" 304 - "-" "Mozilla/5.0 (Windows NT 10.0; Win64; x64) AppleWebKit/537.36 (KHTML, like Gecko) Chrome/73.0.3683.103 Safari/537.36"
::1 - - [24/Apr/2019:04:49:13 +0000] "GET /assets/css/burger_style.css HTTP/1.1" 404 166 "http://localhost:3000/burgers" "Mozilla/5.0 (Windows NT 10.0; Win64; x64) AppleWebKit/537.36 (KHTML, like Gecko) Chrome/73.0.3683.103 Safari/537.36"
::1 - - [24/Apr/2019:04:49:14 +0000] "GET /burgers HTTP/1.1" 304 - "-" "Mozilla/5.0 (Windows NT 10.0; Win64; x64) AppleWebKit/537.36 (KHTML, like Gecko) Chrome/73.0.3683.103 Safari/537.36"
::1 - - [24/Apr/2019:04:49:14 +0000] "GET /assets/css/burger_style.css HTTP/1.1" 404 166 "http://localhost:3000/burgers" "Mozilla/5.0 (Windows NT 10.0; Win64; x64) AppleWebKit/537.36 (KHTML, like Gecko) Chrome/73.0.3683.103 Safari/537.36"
::1 - - [24/Apr/2019:04:49:14 +0000] "GET /burgers HTTP/1.1" 304 - "-" "Mozilla/5.0 (Windows NT 10.0; Win64; x64) AppleWebKit/537.36 (KHTML, like Gecko) Chrome/73.0.3683.103 Safari/537.36"
::1 - - [24/Apr/2019:04:49:14 +0000] "GET /assets/css/burger_style.css HTTP/1.1" 404 166 "http://localhost:3000/burgers" "Mozilla/5.0 (Windows NT 10.0; Win64; x64) AppleWebKit/537.36 (KHTML, like Gecko) Chrome/73.0.3683.103 Safari/537.36"
::1 - - [24/Apr/2019:04:51:22 +0000] "GET /burgers HTTP/1.1" 200 3611 "-" "Mozilla/5.0 (Windows NT 10.0; Win64; x64) AppleWebKit/537.36 (KHTML, like Gecko) Chrome/73.0.3683.103 Safari/537.36"
::1 - - [24/Apr/2019:04:51:23 +0000] "GET /assets/css/burger_style.css HTTP/1.1" 404 166 "http://localhost:3000/burgers" "Mozilla/5.0 (Windows NT 10.0; Win64; x64) AppleWebKit/537.36 (KHTML, like Gecko) Chrome/73.0.3683.103 Safari/537.36"
::1 - - [24/Apr/2019:04:51:54 +0000] "GET /burgers HTTP/1.1" 304 - "-" "Mozilla/5.0 (Windows NT 10.0; Win64; x64) AppleWebKit/537.36 (KHTML, like Gecko) Chrome/73.0.3683.103 Safari/537.36"
::1 - - [24/Apr/2019:04:51:55 +0000] "GET /assets/css/burger_style.css HTTP/1.1" 404 166 "http://localhost:3000/burgers" "Mozilla/5.0 (Windows NT 10.0; Win64; x64) AppleWebKit/537.36 (KHTML, like Gecko) Chrome/73.0.3683.103 Safari/537.36"
::1 - - [24/Apr/2019:04:51:56 +0000] "GET /burgers HTTP/1.1" 304 - "-" "Mozilla/5.0 (Windows NT 10.0; Win64; x64) AppleWebKit/537.36 (KHTML, like Gecko) Chrome/73.0.3683.103 Safari/537.36"
::1 - - [24/Apr/2019:04:51:56 +0000] "GET /assets/css/burger_style.css HTTP/1.1" 404 166 "http://localhost:3000/burgers" "Mozilla/5.0 (Windows NT 10.0; Win64; x64) AppleWebKit/537.36 (KHTML, like Gecko) Chrome/73.0.3683.103 Safari/537.36"
::1 - - [24/Apr/2019:04:51:57 +0000] "GET /burgers HTTP/1.1" 304 - "-" "Mozilla/5.0 (Windows NT 10.0; Win64; x64) AppleWebKit/537.36 (KHTML, like Gecko) Chrome/73.0.3683.103 Safari/537.36"
::1 - - [24/Apr/2019:04:51:57 +0000] "GET /assets/css/burger_style.css HTTP/1.1" 404 166 "http://localhost:3000/burgers" "Mozilla/5.0 (Windows NT 10.0; Win64; x64) AppleWebKit/537.36 (KHTML, like Gecko) Chrome/73.0.3683.103 Safari/537.36"
::1 - - [24/Apr/2019:04:51:57 +0000] "GET /burgers HTTP/1.1" 304 - "-" "Mozilla/5.0 (Windows NT 10.0; Win64; x64) AppleWebKit/537.36 (KHTML, like Gecko) Chrome/73.0.3683.103 Safari/537.36"
::1 - - [24/Apr/2019:04:51:57 +0000] "GET /assets/css/burger_style.css HTTP/1.1" 404 166 "http://localhost:3000/burgers" "Mozilla/5.0 (Windows NT 10.0; Win64; x64) AppleWebKit/537.36 (KHTML, like Gecko) Chrome/73.0.3683.103 Safari/537.36"
::1 - - [24/Apr/2019:04:51:58 +0000] "GET /burgers HTTP/1.1" 304 - "-" "Mozilla/5.0 (Windows NT 10.0; Win64; x64) AppleWebKit/537.36 (KHTML, like Gecko) Chrome/73.0.3683.103 Safari/537.36"
::1 - - [24/Apr/2019:04:51:58 +0000] "GET /assets/css/burger_style.css HTTP/1.1" 404 166 "http://localhost:3000/burgers" "Mozilla/5.0 (Windows NT 10.0; Win64; x64) AppleWebKit/537.36 (KHTML, like Gecko) Chrome/73.0.3683.103 Safari/537.36"
::1 - - [24/Apr/2019:04:54:13 +0000] "GET /burgers HTTP/1.1" 200 3607 "-" "Mozilla/5.0 (Windows NT 10.0; Win64; x64) AppleWebKit/537.36 (KHTML, like Gecko) Chrome/73.0.3683.103 Safari/537.36"
::1 - - [24/Apr/2019:04:54:13 +0000] "GET /assets/css/burger_style.css HTTP/1.1" 404 166 "http://localhost:3000/burgers" "Mozilla/5.0 (Windows NT 10.0; Win64; x64) AppleWebKit/537.36 (KHTML, like Gecko) Chrome/73.0.3683.103 Safari/537.36"
::1 - - [24/Apr/2019:05:00:14 +0000] "GET /burgers HTTP/1.1" 304 - "-" "Mozilla/5.0 (Windows NT 10.0; Win64; x64) AppleWebKit/537.36 (KHTML, like Gecko) Chrome/73.0.3683.103 Safari/537.36"
::1 - - [24/Apr/2019:05:00:14 +0000] "GET /assets/css/burger_style.css HTTP/1.1" 404 166 "http://localhost:3000/burgers" "Mozilla/5.0 (Windows NT 10.0; Win64; x64) AppleWebKit/537.36 (KHTML, like Gecko) Chrome/73.0.3683.103 Safari/537.36"
::1 - - [24/Apr/2019:05:00:15 +0000] "GET /burgers HTTP/1.1" 304 - "-" "Mozilla/5.0 (Windows NT 10.0; Win64; x64) AppleWebKit/537.36 (KHTML, like Gecko) Chrome/73.0.3683.103 Safari/537.36"
::1 - - [24/Apr/2019:05:00:16 +0000] "GET /assets/css/burger_style.css HTTP/1.1" 404 166 "http://localhost:3000/burgers" "Mozilla/5.0 (Windows NT 10.0; Win64; x64) AppleWebKit/537.36 (KHTML, like Gecko) Chrome/73.0.3683.103 Safari/537.36"
::1 - - [24/Apr/2019:05:00:16 +0000] "GET /burgers HTTP/1.1" 304 - "-" "Mozilla/5.0 (Windows NT 10.0; Win64; x64) AppleWebKit/537.36 (KHTML, like Gecko) Chrome/73.0.3683.103 Safari/537.36"
::1 - - [24/Apr/2019:05:00:16 +0000] "GET /assets/css/burger_style.css HTTP/1.1" 404 166 "http://localhost:3000/burgers" "Mozilla/5.0 (Windows NT 10.0; Win64; x64) AppleWebKit/537.36 (KHTML, like Gecko) Chrome/73.0.3683.103 Safari/537.36"
::1 - - [24/Apr/2019:05:00:16 +0000] "GET /burgers HTTP/1.1" 304 - "-" "Mozilla/5.0 (Windows NT 10.0; Win64; x64) AppleWebKit/537.36 (KHTML, like Gecko) Chrome/73.0.3683.103 Safari/537.36"
::1 - - [24/Apr/2019:05:00:16 +0000] "GET /assets/css/burger_style.css HTTP/1.1" 404 166 "http://localhost:3000/burgers" "Mozilla/5.0 (Windows NT 10.0; Win64; x64) AppleWebKit/537.36 (KHTML, like Gecko) Chrome/73.0.3683.103 Safari/537.36"
::1 - - [24/Apr/2019:05:00:17 +0000] "GET /burgers HTTP/1.1" 304 - "-" "Mozilla/5.0 (Windows NT 10.0; Win64; x64) AppleWebKit/537.36 (KHTML, like Gecko) Chrome/73.0.3683.103 Safari/537.36"
::1 - - [24/Apr/2019:05:00:17 +0000] "GET /assets/css/burger_style.css HTTP/1.1" 404 166 "http://localhost:3000/burgers" "Mozilla/5.0 (Windows NT 10.0; Win64; x64) AppleWebKit/537.36 (KHTML, like Gecko) Chrome/73.0.3683.103 Safari/537.36"
::1 - - [24/Apr/2019:05:00:17 +0000] "GET /burgers HTTP/1.1" 304 - "-" "Mozilla/5.0 (Windows NT 10.0; Win64; x64) AppleWebKit/537.36 (KHTML, like Gecko) Chrome/73.0.3683.103 Safari/537.36"
::1 - - [24/Apr/2019:05:00:17 +0000] "GET /assets/css/burger_style.css HTTP/1.1" 404 166 "http://localhost:3000/burgers" "Mozilla/5.0 (Windows NT 10.0; Win64; x64) AppleWebKit/537.36 (KHTML, like Gecko) Chrome/73.0.3683.103 Safari/537.36"
::1 - - [24/Apr/2019:05:00:17 +0000] "GET /burgers HTTP/1.1" 304 - "-" "Mozilla/5.0 (Windows NT 10.0; Win64; x64) AppleWebKit/537.36 (KHTML, like Gecko) Chrome/73.0.3683.103 Safari/537.36"
::1 - - [24/Apr/2019:05:00:17 +0000] "GET /assets/css/burger_style.css HTTP/1.1" 404 166 "http://localhost:3000/burgers" "Mozilla/5.0 (Windows NT 10.0; Win64; x64) AppleWebKit/537.36 (KHTML, like Gecko) Chrome/73.0.3683.103 Safari/537.36"
::1 - - [24/Apr/2019:05:00:17 +0000] "GET /burgers HTTP/1.1" 304 - "-" "Mozilla/5.0 (Windows NT 10.0; Win64; x64) AppleWebKit/537.36 (KHTML, like Gecko) Chrome/73.0.3683.103 Safari/537.36"
::1 - - [24/Apr/2019:05:00:17 +0000] "GET /assets/css/burger_style.css HTTP/1.1" 404 166 "http://localhost:3000/burgers" "Mozilla/5.0 (Windows NT 10.0; Win64; x64) AppleWebKit/537.36 (KHTML, like Gecko) Chrome/73.0.3683.103 Safari/537.36"
::1 - - [24/Apr/2019:05:00:18 +0000] "GET /burgers HTTP/1.1" 304 - "-" "Mozilla/5.0 (Windows NT 10.0; Win64; x64) AppleWebKit/537.36 (KHTML, like Gecko) Chrome/73.0.3683.103 Safari/537.36"
::1 - - [24/Apr/2019:05:00:18 +0000] "GET /assets/css/burger_style.css HTTP/1.1" 404 166 "http://localhost:3000/burgers" "Mozilla/5.0 (Windows NT 10.0; Win64; x64) AppleWebKit/537.36 (KHTML, like Gecko) Chrome/73.0.3683.103 Safari/537.36"
::1 - - [24/Apr/2019:05:00:18 +0000] "GET /burgers HTTP/1.1" 304 - "-" "Mozilla/5.0 (Windows NT 10.0; Win64; x64) AppleWebKit/537.36 (KHTML, like Gecko) Chrome/73.0.3683.103 Safari/537.36"
::1 - - [24/Apr/2019:05:00:18 +0000] "GET /assets/css/burger_style.css HTTP/1.1" 404 166 "http://localhost:3000/burgers" "Mozilla/5.0 (Windows NT 10.0; Win64; x64) AppleWebKit/537.36 (KHTML, like Gecko) Chrome/73.0.3683.103 Safari/537.36"
::1 - - [24/Apr/2019:05:00:18 +0000] "GET /burgers HTTP/1.1" 304 - "-" "Mozilla/5.0 (Windows NT 10.0; Win64; x64) AppleWebKit/537.36 (KHTML, like Gecko) Chrome/73.0.3683.103 Safari/537.36"
::1 - - [24/Apr/2019:05:00:18 +0000] "GET /assets/css/burger_style.css HTTP/1.1" 404 166 "http://localhost:3000/burgers" "Mozilla/5.0 (Windows NT 10.0; Win64; x64) AppleWebKit/537.36 (KHTML, like Gecko) Chrome/73.0.3683.103 Safari/537.36"
::1 - - [24/Apr/2019:05:00:18 +0000] "GET /burgers HTTP/1.1" 304 - "-" "Mozilla/5.0 (Windows NT 10.0; Win64; x64) AppleWebKit/537.36 (KHTML, like Gecko) Chrome/73.0.3683.103 Safari/537.36"
::1 - - [24/Apr/2019:05:00:18 +0000] "GET /assets/css/burger_style.css HTTP/1.1" 404 166 "http://localhost:3000/burgers" "Mozilla/5.0 (Windows NT 10.0; Win64; x64) AppleWebKit/537.36 (KHTML, like Gecko) Chrome/73.0.3683.103 Safari/537.36"
::1 - - [24/Apr/2019:05:00:18 +0000] "GET /burgers HTTP/1.1" 304 - "-" "Mozilla/5.0 (Windows NT 10.0; Win64; x64) AppleWebKit/537.36 (KHTML, like Gecko) Chrome/73.0.3683.103 Safari/537.36"
::1 - - [24/Apr/2019:05:00:18 +0000] "GET /assets/css/burger_style.css HTTP/1.1" 404 166 "http://localhost:3000/burgers" "Mozilla/5.0 (Windows NT 10.0; Win64; x64) AppleWebKit/537.36 (KHTML, like Gecko) Chrome/73.0.3683.103 Safari/537.36"
::1 - - [24/Apr/2019:05:00:19 +0000] "GET /burgers HTTP/1.1" 304 - "-" "Mozilla/5.0 (Windows NT 10.0; Win64; x64) AppleWebKit/537.36 (KHTML, like Gecko) Chrome/73.0.3683.103 Safari/537.36"
::1 - - [24/Apr/2019:05:00:19 +0000] "GET /assets/css/burger_style.css HTTP/1.1" 404 166 "http://localhost:3000/burgers" "Mozilla/5.0 (Windows NT 10.0; Win64; x64) AppleWebKit/537.36 (KHTML, like Gecko) Chrome/73.0.3683.103 Safari/537.36"
::1 - - [24/Apr/2019:05:00:19 +0000] "GET /burgers HTTP/1.1" 304 - "-" "Mozilla/5.0 (Windows NT 10.0; Win64; x64) AppleWebKit/537.36 (KHTML, like Gecko) Chrome/73.0.3683.103 Safari/537.36"
::1 - - [24/Apr/2019:05:00:19 +0000] "GET /assets/css/burger_style.css HTTP/1.1" 404 166 "http://localhost:3000/burgers" "Mozilla/5.0 (Windows NT 10.0; Win64; x64) AppleWebKit/537.36 (KHTML, like Gecko) Chrome/73.0.3683.103 Safari/537.36"
::1 - - [24/Apr/2019:05:00:19 +0000] "GET /burgers HTTP/1.1" 304 - "-" "Mozilla/5.0 (Windows NT 10.0; Win64; x64) AppleWebKit/537.36 (KHTML, like Gecko) Chrome/73.0.3683.103 Safari/537.36"
::1 - - [24/Apr/2019:05:00:19 +0000] "GET /assets/css/burger_style.css HTTP/1.1" 404 166 "http://localhost:3000/burgers" "Mozilla/5.0 (Windows NT 10.0; Win64; x64) AppleWebKit/537.36 (KHTML, like Gecko) Chrome/73.0.3683.103 Safari/537.36"
::1 - - [24/Apr/2019:05:00:19 +0000] "GET /burgers HTTP/1.1" 304 - "-" "Mozilla/5.0 (Windows NT 10.0; Win64; x64) AppleWebKit/537.36 (KHTML, like Gecko) Chrome/73.0.3683.103 Safari/537.36"
::1 - - [24/Apr/2019:05:00:19 +0000] "GET /assets/css/burger_style.css HTTP/1.1" 404 166 "http://localhost:3000/burgers" "Mozilla/5.0 (Windows NT 10.0; Win64; x64) AppleWebKit/537.36 (KHTML, like Gecko) Chrome/73.0.3683.103 Safari/537.36"
::1 - - [24/Apr/2019:05:00:19 +0000] "GET /burgers HTTP/1.1" 304 - "-" "Mozilla/5.0 (Windows NT 10.0; Win64; x64) AppleWebKit/537.36 (KHTML, like Gecko) Chrome/73.0.3683.103 Safari/537.36"
::1 - - [24/Apr/2019:05:00:19 +0000] "GET /assets/css/burger_style.css HTTP/1.1" 404 166 "http://localhost:3000/burgers" "Mozilla/5.0 (Windows NT 10.0; Win64; x64) AppleWebKit/537.36 (KHTML, like Gecko) Chrome/73.0.3683.103 Safari/537.36"
::1 - - [24/Apr/2019:05:00:19 +0000] "GET /burgers HTTP/1.1" 304 - "-" "Mozilla/5.0 (Windows NT 10.0; Win64; x64) AppleWebKit/537.36 (KHTML, like Gecko) Chrome/73.0.3683.103 Safari/537.36"
::1 - - [24/Apr/2019:05:00:19 +0000] "GET /assets/css/burger_style.css HTTP/1.1" 404 166 "http://localhost:3000/burgers" "Mozilla/5.0 (Windows NT 10.0; Win64; x64) AppleWebKit/537.36 (KHTML, like Gecko) Chrome/73.0.3683.103 Safari/537.36"
::1 - - [24/Apr/2019:05:00:20 +0000] "GET /burgers HTTP/1.1" 304 - "-" "Mozilla/5.0 (Windows NT 10.0; Win64; x64) AppleWebKit/537.36 (KHTML, like Gecko) Chrome/73.0.3683.103 Safari/537.36"
::1 - - [24/Apr/2019:05:00:20 +0000] "GET /assets/css/burger_style.css HTTP/1.1" 404 166 "http://localhost:3000/burgers" "Mozilla/5.0 (Windows NT 10.0; Win64; x64) AppleWebKit/537.36 (KHTML, like Gecko) Chrome/73.0.3683.103 Safari/537.36"
::1 - - [24/Apr/2019:05:00:20 +0000] "GET /burgers HTTP/1.1" 304 - "-" "Mozilla/5.0 (Windows NT 10.0; Win64; x64) AppleWebKit/537.36 (KHTML, like Gecko) Chrome/73.0.3683.103 Safari/537.36"
::1 - - [24/Apr/2019:05:00:20 +0000] "GET /assets/css/burger_style.css HTTP/1.1" 404 166 "http://localhost:3000/burgers" "Mozilla/5.0 (Windows NT 10.0; Win64; x64) AppleWebKit/537.36 (KHTML, like Gecko) Chrome/73.0.3683.103 Safari/537.36"
::1 - - [24/Apr/2019:05:00:20 +0000] "GET /burgers HTTP/1.1" 304 - "-" "Mozilla/5.0 (Windows NT 10.0; Win64; x64) AppleWebKit/537.36 (KHTML, like Gecko) Chrome/73.0.3683.103 Safari/537.36"
::1 - - [24/Apr/2019:05:00:20 +0000] "GET /assets/css/burger_style.css HTTP/1.1" 404 166 "http://localhost:3000/burgers" "Mozilla/5.0 (Windows NT 10.0; Win64; x64) AppleWebKit/537.36 (KHTML, like Gecko) Chrome/73.0.3683.103 Safari/537.36"
::1 - - [24/Apr/2019:05:00:20 +0000] "GET /burgers HTTP/1.1" 304 - "-" "Mozilla/5.0 (Windows NT 10.0; Win64; x64) AppleWebKit/537.36 (KHTML, like Gecko) Chrome/73.0.3683.103 Safari/537.36"
::1 - - [24/Apr/2019:05:00:20 +0000] "GET /assets/css/burger_style.css HTTP/1.1" 404 166 "http://localhost:3000/burgers" "Mozilla/5.0 (Windows NT 10.0; Win64; x64) AppleWebKit/537.36 (KHTML, like Gecko) Chrome/73.0.3683.103 Safari/537.36"
::1 - - [24/Apr/2019:05:00:20 +0000] "GET /burgers HTTP/1.1" 304 - "-" "Mozilla/5.0 (Windows NT 10.0; Win64; x64) AppleWebKit/537.36 (KHTML, like Gecko) Chrome/73.0.3683.103 Safari/537.36"
::1 - - [24/Apr/2019:05:00:20 +0000] "GET /assets/css/burger_style.css HTTP/1.1" 404 166 "http://localhost:3000/burgers" "Mozilla/5.0 (Windows NT 10.0; Win64; x64) AppleWebKit/537.36 (KHTML, like Gecko) Chrome/73.0.3683.103 Safari/537.36"
::1 - - [24/Apr/2019:05:00:20 +0000] "GET /burgers HTTP/1.1" 304 - "-" "Mozilla/5.0 (Windows NT 10.0; Win64; x64) AppleWebKit/537.36 (KHTML, like Gecko) Chrome/73.0.3683.103 Safari/537.36"
::1 - - [24/Apr/2019:05:00:20 +0000] "GET /assets/css/burger_style.css HTTP/1.1" 404 166 "http://localhost:3000/burgers" "Mozilla/5.0 (Windows NT 10.0; Win64; x64) AppleWebKit/537.36 (KHTML, like Gecko) Chrome/73.0.3683.103 Safari/537.36"
::1 - - [24/Apr/2019:05:00:21 +0000] "GET /burgers HTTP/1.1" 304 - "-" "Mozilla/5.0 (Windows NT 10.0; Win64; x64) AppleWebKit/537.36 (KHTML, like Gecko) Chrome/73.0.3683.103 Safari/537.36"
::1 - - [24/Apr/2019:05:00:21 +0000] "GET /assets/css/burger_style.css HTTP/1.1" 404 166 "http://localhost:3000/burgers" "Mozilla/5.0 (Windows NT 10.0; Win64; x64) AppleWebKit/537.36 (KHTML, like Gecko) Chrome/73.0.3683.103 Safari/537.36"
::1 - - [24/Apr/2019:05:00:21 +0000] "GET /burgers HTTP/1.1" 304 - "-" "Mozilla/5.0 (Windows NT 10.0; Win64; x64) AppleWebKit/537.36 (KHTML, like Gecko) Chrome/73.0.3683.103 Safari/537.36"
::1 - - [24/Apr/2019:05:00:21 +0000] "GET /assets/css/burger_style.css HTTP/1.1" 404 166 "http://localhost:3000/burgers" "Mozilla/5.0 (Windows NT 10.0; Win64; x64) AppleWebKit/537.36 (KHTML, like Gecko) Chrome/73.0.3683.103 Safari/537.36"
::1 - - [24/Apr/2019:05:00:21 +0000] "GET /burgers HTTP/1.1" 304 - "-" "Mozilla/5.0 (Windows NT 10.0; Win64; x64) AppleWebKit/537.36 (KHTML, like Gecko) Chrome/73.0.3683.103 Safari/537.36"
::1 - - [24/Apr/2019:05:00:21 +0000] "GET /assets/css/burger_style.css HTTP/1.1" 404 166 "http://localhost:3000/burgers" "Mozilla/5.0 (Windows NT 10.0; Win64; x64) AppleWebKit/537.36 (KHTML, like Gecko) Chrome/73.0.3683.103 Safari/537.36"
::1 - - [24/Apr/2019:05:00:21 +0000] "GET /burgers HTTP/1.1" 304 - "-" "Mozilla/5.0 (Windows NT 10.0; Win64; x64) AppleWebKit/537.36 (KHTML, like Gecko) Chrome/73.0.3683.103 Safari/537.36"
::1 - - [24/Apr/2019:05:00:21 +0000] "GET /assets/css/burger_style.css HTTP/1.1" 404 166 "http://localhost:3000/burgers" "Mozilla/5.0 (Windows NT 10.0; Win64; x64) AppleWebKit/537.36 (KHTML, like Gecko) Chrome/73.0.3683.103 Safari/537.36"
::1 - - [24/Apr/2019:05:00:21 +0000] "GET /burgers HTTP/1.1" 304 - "-" "Mozilla/5.0 (Windows NT 10.0; Win64; x64) AppleWebKit/537.36 (KHTML, like Gecko) Chrome/73.0.3683.103 Safari/537.36"
::1 - - [24/Apr/2019:05:00:21 +0000] "GET /assets/css/burger_style.css HTTP/1.1" 404 166 "http://localhost:3000/burgers" "Mozilla/5.0 (Windows NT 10.0; Win64; x64) AppleWebKit/537.36 (KHTML, like Gecko) Chrome/73.0.3683.103 Safari/537.36"
::1 - - [24/Apr/2019:05:00:21 +0000] "GET /burgers HTTP/1.1" 304 - "-" "Mozilla/5.0 (Windows NT 10.0; Win64; x64) AppleWebKit/537.36 (KHTML, like Gecko) Chrome/73.0.3683.103 Safari/537.36"
::1 - - [24/Apr/2019:05:00:21 +0000] "GET /assets/css/burger_style.css HTTP/1.1" 404 166 "http://localhost:3000/burgers" "Mozilla/5.0 (Windows NT 10.0; Win64; x64) AppleWebKit/537.36 (KHTML, like Gecko) Chrome/73.0.3683.103 Safari/537.36"
::1 - - [24/Apr/2019:05:00:22 +0000] "GET /burgers HTTP/1.1" 304 - "-" "Mozilla/5.0 (Windows NT 10.0; Win64; x64) AppleWebKit/537.36 (KHTML, like Gecko) Chrome/73.0.3683.103 Safari/537.36"
::1 - - [24/Apr/2019:05:00:22 +0000] "GET /assets/css/burger_style.css HTTP/1.1" 404 166 "http://localhost:3000/burgers" "Mozilla/5.0 (Windows NT 10.0; Win64; x64) AppleWebKit/537.36 (KHTML, like Gecko) Chrome/73.0.3683.103 Safari/537.36"
::1 - - [24/Apr/2019:05:00:51 +0000] "GET /burgers HTTP/1.1" 304 - "-" "Mozilla/5.0 (Windows NT 10.0; Win64; x64) AppleWebKit/537.36 (KHTML, like Gecko) Chrome/73.0.3683.103 Safari/537.36"
::1 - - [24/Apr/2019:05:00:51 +0000] "GET /assets/css/burger_style.css HTTP/1.1" 404 166 "http://localhost:3000/burgers" "Mozilla/5.0 (Windows NT 10.0; Win64; x64) AppleWebKit/537.36 (KHTML, like Gecko) Chrome/73.0.3683.103 Safari/537.36"
::1 - - [24/Apr/2019:05:00:53 +0000] "GET /burgers HTTP/1.1" 304 - "-" "Mozilla/5.0 (Windows NT 10.0; Win64; x64) AppleWebKit/537.36 (KHTML, like Gecko) Chrome/73.0.3683.103 Safari/537.36"
::1 - - [24/Apr/2019:05:00:53 +0000] "GET /assets/css/burger_style.css HTTP/1.1" 404 166 "http://localhost:3000/burgers" "Mozilla/5.0 (Windows NT 10.0; Win64; x64) AppleWebKit/537.36 (KHTML, like Gecko) Chrome/73.0.3683.103 Safari/537.36"
::1 - - [24/Apr/2019:05:02:06 +0000] "GET /burgers HTTP/1.1" 304 - "-" "Mozilla/5.0 (Windows NT 10.0; Win64; x64) AppleWebKit/537.36 (KHTML, like Gecko) Chrome/73.0.3683.103 Safari/537.36"
::1 - - [24/Apr/2019:05:02:06 +0000] "GET /assets/css/burger_style.css HTTP/1.1" 404 166 "http://localhost:3000/burgers" "Mozilla/5.0 (Windows NT 10.0; Win64; x64) AppleWebKit/537.36 (KHTML, like Gecko) Chrome/73.0.3683.103 Safari/537.36"
::1 - - [24/Apr/2019:05:02:13 +0000] "GET / HTTP/1.1" 302 60 "-" "Mozilla/5.0 (Windows NT 10.0; Win64; x64) AppleWebKit/537.36 (KHTML, like Gecko) Chrome/73.0.3683.103 Safari/537.36"
::1 - - [24/Apr/2019:05:02:13 +0000] "GET /burgers HTTP/1.1" 304 - "-" "Mozilla/5.0 (Windows NT 10.0; Win64; x64) AppleWebKit/537.36 (KHTML, like Gecko) Chrome/73.0.3683.103 Safari/537.36"
::1 - - [24/Apr/2019:05:02:13 +0000] "GET /assets/css/burger_style.css HTTP/1.1" 404 166 "http://localhost:3000/burgers" "Mozilla/5.0 (Windows NT 10.0; Win64; x64) AppleWebKit/537.36 (KHTML, like Gecko) Chrome/73.0.3683.103 Safari/537.36"
::1 - - [24/Apr/2019:05:06:26 +0000] "GET /burgers HTTP/1.1" 200 3608 "-" "Mozilla/5.0 (Windows NT 10.0; Win64; x64) AppleWebKit/537.36 (KHTML, like Gecko) Chrome/73.0.3683.103 Safari/537.36"
::1 - - [24/Apr/2019:05:06:26 +0000] "GET /assets/css/burger_style.css HTTP/1.1" 404 166 "http://localhost:3000/burgers" "Mozilla/5.0 (Windows NT 10.0; Win64; x64) AppleWebKit/537.36 (KHTML, like Gecko) Chrome/73.0.3683.103 Safari/537.36"
::1 - - [24/Apr/2019:05:06:27 +0000] "GET /burgers HTTP/1.1" 304 - "-" "Mozilla/5.0 (Windows NT 10.0; Win64; x64) AppleWebKit/537.36 (KHTML, like Gecko) Chrome/73.0.3683.103 Safari/537.36"
::1 - - [24/Apr/2019:05:06:27 +0000] "GET /assets/css/burger_style.css HTTP/1.1" 404 166 "http://localhost:3000/burgers" "Mozilla/5.0 (Windows NT 10.0; Win64; x64) AppleWebKit/537.36 (KHTML, like Gecko) Chrome/73.0.3683.103 Safari/537.36"
::1 - - [24/Apr/2019:05:06:29 +0000] "GET /burgers HTTP/1.1" 304 - "-" "Mozilla/5.0 (Windows NT 10.0; Win64; x64) AppleWebKit/537.36 (KHTML, like Gecko) Chrome/73.0.3683.103 Safari/537.36"
::1 - - [24/Apr/2019:05:06:29 +0000] "GET /assets/css/burger_style.css HTTP/1.1" 404 166 "http://localhost:3000/burgers" "Mozilla/5.0 (Windows NT 10.0; Win64; x64) AppleWebKit/537.36 (KHTML, like Gecko) Chrome/73.0.3683.103 Safari/537.36"
::1 - - [24/Apr/2019:05:06:29 +0000] "GET /burgers HTTP/1.1" 304 - "-" "Mozilla/5.0 (Windows NT 10.0; Win64; x64) AppleWebKit/537.36 (KHTML, like Gecko) Chrome/73.0.3683.103 Safari/537.36"
::1 - - [24/Apr/2019:05:06:29 +0000] "GET /assets/css/burger_style.css HTTP/1.1" 404 166 "http://localhost:3000/burgers" "Mozilla/5.0 (Windows NT 10.0; Win64; x64) AppleWebKit/537.36 (KHTML, like Gecko) Chrome/73.0.3683.103 Safari/537.36"
::1 - - [24/Apr/2019:05:06:30 +0000] "GET /burgers HTTP/1.1" 304 - "-" "Mozilla/5.0 (Windows NT 10.0; Win64; x64) AppleWebKit/537.36 (KHTML, like Gecko) Chrome/73.0.3683.103 Safari/537.36"
::1 - - [24/Apr/2019:05:06:30 +0000] "GET /assets/css/burger_style.css HTTP/1.1" 404 166 "http://localhost:3000/burgers" "Mozilla/5.0 (Windows NT 10.0; Win64; x64) AppleWebKit/537.36 (KHTML, like Gecko) Chrome/73.0.3683.103 Safari/537.36"
::1 - - [24/Apr/2019:05:06:30 +0000] "GET /burgers HTTP/1.1" 304 - "-" "Mozilla/5.0 (Windows NT 10.0; Win64; x64) AppleWebKit/537.36 (KHTML, like Gecko) Chrome/73.0.3683.103 Safari/537.36"
::1 - - [24/Apr/2019:05:06:30 +0000] "GET /assets/css/burger_style.css HTTP/1.1" 404 166 "http://localhost:3000/burgers" "Mozilla/5.0 (Windows NT 10.0; Win64; x64) AppleWebKit/537.36 (KHTML, like Gecko) Chrome/73.0.3683.103 Safari/537.36"
::1 - - [24/Apr/2019:05:06:30 +0000] "GET /burgers HTTP/1.1" 304 - "-" "Mozilla/5.0 (Windows NT 10.0; Win64; x64) AppleWebKit/537.36 (KHTML, like Gecko) Chrome/73.0.3683.103 Safari/537.36"
::1 - - [24/Apr/2019:05:06:30 +0000] "GET /assets/css/burger_style.css HTTP/1.1" 404 166 "http://localhost:3000/burgers" "Mozilla/5.0 (Windows NT 10.0; Win64; x64) AppleWebKit/537.36 (KHTML, like Gecko) Chrome/73.0.3683.103 Safari/537.36"
::1 - - [24/Apr/2019:05:06:30 +0000] "GET /burgers HTTP/1.1" 304 - "-" "Mozilla/5.0 (Windows NT 10.0; Win64; x64) AppleWebKit/537.36 (KHTML, like Gecko) Chrome/73.0.3683.103 Safari/537.36"
::1 - - [24/Apr/2019:05:06:30 +0000] "GET /assets/css/burger_style.css HTTP/1.1" 404 166 "http://localhost:3000/burgers" "Mozilla/5.0 (Windows NT 10.0; Win64; x64) AppleWebKit/537.36 (KHTML, like Gecko) Chrome/73.0.3683.103 Safari/537.36"
::1 - - [24/Apr/2019:05:06:31 +0000] "GET /burgers HTTP/1.1" 304 - "-" "Mozilla/5.0 (Windows NT 10.0; Win64; x64) AppleWebKit/537.36 (KHTML, like Gecko) Chrome/73.0.3683.103 Safari/537.36"
::1 - - [24/Apr/2019:05:06:31 +0000] "GET /assets/css/burger_style.css HTTP/1.1" 404 166 "http://localhost:3000/burgers" "Mozilla/5.0 (Windows NT 10.0; Win64; x64) AppleWebKit/537.36 (KHTML, like Gecko) Chrome/73.0.3683.103 Safari/537.36"
::1 - - [24/Apr/2019:05:06:46 +0000] "GET /burgers HTTP/1.1" 304 - "-" "Mozilla/5.0 (Windows NT 10.0; Win64; x64) AppleWebKit/537.36 (KHTML, like Gecko) Chrome/73.0.3683.103 Safari/537.36"
::1 - - [24/Apr/2019:05:06:46 +0000] "GET /assets/css/burger_style.css HTTP/1.1" 404 166 "http://localhost:3000/burgers" "Mozilla/5.0 (Windows NT 10.0; Win64; x64) AppleWebKit/537.36 (KHTML, like Gecko) Chrome/73.0.3683.103 Safari/537.36"
::1 - - [24/Apr/2019:05:07:38 +0000] "GET /burgers HTTP/1.1" 304 - "-" "Mozilla/5.0 (Windows NT 10.0; Win64; x64) AppleWebKit/537.36 (KHTML, like Gecko) Chrome/73.0.3683.103 Safari/537.36"
::1 - - [24/Apr/2019:05:07:38 +0000] "GET /assets/css/burger_style.css HTTP/1.1" 404 166 "http://localhost:3000/burgers" "Mozilla/5.0 (Windows NT 10.0; Win64; x64) AppleWebKit/537.36 (KHTML, like Gecko) Chrome/73.0.3683.103 Safari/537.36"
::1 - - [24/Apr/2019:05:07:39 +0000] "GET /burgers HTTP/1.1" 304 - "-" "Mozilla/5.0 (Windows NT 10.0; Win64; x64) AppleWebKit/537.36 (KHTML, like Gecko) Chrome/73.0.3683.103 Safari/537.36"
::1 - - [24/Apr/2019:05:07:39 +0000] "GET /assets/css/burger_style.css HTTP/1.1" 404 166 "http://localhost:3000/burgers" "Mozilla/5.0 (Windows NT 10.0; Win64; x64) AppleWebKit/537.36 (KHTML, like Gecko) Chrome/73.0.3683.103 Safari/537.36"
::1 - - [24/Apr/2019:05:09:16 +0000] "GET /burgers HTTP/1.1" 304 - "-" "Mozilla/5.0 (Windows NT 10.0; Win64; x64) AppleWebKit/537.36 (KHTML, like Gecko) Chrome/73.0.3683.103 Safari/537.36"
::1 - - [24/Apr/2019:05:09:16 +0000] "GET /assets/css/burger_style.css HTTP/1.1" 404 166 "http://localhost:3000/burgers" "Mozilla/5.0 (Windows NT 10.0; Win64; x64) AppleWebKit/537.36 (KHTML, like Gecko) Chrome/73.0.3683.103 Safari/537.36"
::1 - - [24/Apr/2019:05:09:18 +0000] "GET /burgers HTTP/1.1" 304 - "-" "Mozilla/5.0 (Windows NT 10.0; Win64; x64) AppleWebKit/537.36 (KHTML, like Gecko) Chrome/73.0.3683.103 Safari/537.36"
::1 - - [24/Apr/2019:05:09:18 +0000] "GET /assets/css/burger_style.css HTTP/1.1" 404 166 "http://localhost:3000/burgers" "Mozilla/5.0 (Windows NT 10.0; Win64; x64) AppleWebKit/537.36 (KHTML, like Gecko) Chrome/73.0.3683.103 Safari/537.36"
::1 - - [24/Apr/2019:05:09:19 +0000] "GET /burgers HTTP/1.1" 304 - "-" "Mozilla/5.0 (Windows NT 10.0; Win64; x64) AppleWebKit/537.36 (KHTML, like Gecko) Chrome/73.0.3683.103 Safari/537.36"
::1 - - [24/Apr/2019:05:09:19 +0000] "GET /assets/css/burger_style.css HTTP/1.1" 404 166 "http://localhost:3000/burgers" "Mozilla/5.0 (Windows NT 10.0; Win64; x64) AppleWebKit/537.36 (KHTML, like Gecko) Chrome/73.0.3683.103 Safari/537.36"
::1 - - [24/Apr/2019:05:10:58 +0000] "GET /assets/css/burger_style.css HTTP/1.1" 404 166 "http://localhost:3000/burgers" "Mozilla/5.0 (Windows NT 10.0; Win64; x64) AppleWebKit/537.36 (KHTML, like Gecko) Chrome/73.0.3683.103 Safari/537.36"
::1 - - [24/Apr/2019:05:16:29 +0000] "GET /assets/css/burger_style.css HTTP/1.1" 404 166 "-" "Mozilla/5.0 (Windows NT 10.0; Win64; x64) AppleWebKit/537.36 (KHTML, like Gecko) Chrome/73.0.3683.103 Safari/537.36"
::1 - - [24/Apr/2019:05:16:35 +0000] "GET /burgers HTTP/1.1" 304 - "-" "Mozilla/5.0 (Windows NT 10.0; Win64; x64) AppleWebKit/537.36 (KHTML, like Gecko) Chrome/73.0.3683.103 Safari/537.36"
::1 - - [24/Apr/2019:05:16:35 +0000] "GET /assets/css/burger_style.css HTTP/1.1" 404 166 "http://localhost:3000/burgers" "Mozilla/5.0 (Windows NT 10.0; Win64; x64) AppleWebKit/537.36 (KHTML, like Gecko) Chrome/73.0.3683.103 Safari/537.36"
::1 - - [24/Apr/2019:05:18:55 +0000] "GET /burgers HTTP/1.1" 304 - "-" "Mozilla/5.0 (Windows NT 10.0; Win64; x64) AppleWebKit/537.36 (KHTML, like Gecko) Chrome/73.0.3683.103 Safari/537.36"
::1 - - [24/Apr/2019:05:18:55 +0000] "GET /assets/css/burger_style.css HTTP/1.1" 404 166 "http://localhost:3000/burgers" "Mozilla/5.0 (Windows NT 10.0; Win64; x64) AppleWebKit/537.36 (KHTML, like Gecko) Chrome/73.0.3683.103 Safari/537.36"
::1 - - [24/Apr/2019:05:18:58 +0000] "GET /burgers HTTP/1.1" 304 - "-" "Mozilla/5.0 (Windows NT 10.0; Win64; x64) AppleWebKit/537.36 (KHTML, like Gecko) Chrome/73.0.3683.103 Safari/537.36"
::1 - - [24/Apr/2019:05:18:58 +0000] "GET /assets/css/burger_style.css HTTP/1.1" 404 166 "http://localhost:3000/burgers" "Mozilla/5.0 (Windows NT 10.0; Win64; x64) AppleWebKit/537.36 (KHTML, like Gecko) Chrome/73.0.3683.103 Safari/537.36"
